This file contains any messages produced by compilers while
running configure, to aid debugging if configure makes a mistake.

It was created by configure, which was
generated by GNU Autoconf 2.69.  Invocation command line was

  $ ./configure 

## --------- ##
## Platform. ##
## --------- ##

hostname = ubuntu
uname -m = i686
uname -r = 3.5.0-27-generic
uname -s = Linux
uname -v = #46-Ubuntu SMP Mon Mar 25 20:00:05 UTC 2013

/usr/bin/uname -p = unknown
/bin/uname -X     = unknown

/bin/arch              = unknown
/usr/bin/arch -k       = unknown
/usr/convex/getsysinfo = unknown
/usr/bin/hostinfo      = unknown
/bin/machine           = unknown
/usr/bin/oslevel       = unknown
/bin/universe          = unknown

PATH: /home/blue/bin
PATH: /usr/lib/lightdm/lightdm
PATH: /usr/local/sbin
PATH: /usr/local/bin
PATH: /usr/sbin
PATH: /usr/bin
PATH: /sbin
PATH: /bin
PATH: /usr/games
PATH: /usr/local/games


## ----------- ##
## Core tests. ##
## ----------- ##

configure:2516: checking for a BSD-compatible install
configure:2584: result: /usr/bin/install -c
configure:2595: checking whether build environment is sane
configure:2645: result: yes
configure:2786: checking for a thread-safe mkdir -p
configure:2825: result: /bin/mkdir -p
configure:2838: checking for gawk
configure:2868: result: no
configure:2838: checking for mawk
configure:2854: found /usr/bin/mawk
configure:2865: result: mawk
configure:2876: checking whether make sets $(MAKE)
configure:2898: result: yes
configure:2970: checking whether to enable maintainer-specific portions of Makefiles
configure:2979: result: no
configure:2997: checking build system type
configure:3011: result: i686-pc-linux-gnu
configure:3031: checking host system type
configure:3044: result: i686-pc-linux-gnu
configure:3413: checking how to print strings
configure:3440: result: printf
configure:3473: checking for style of include used by make
configure:3501: result: GNU
configure:3572: checking for gcc
configure:3588: found /usr/bin/gcc
configure:3599: result: gcc
configure:3828: checking for C compiler version
configure:3837: gcc --version >&5
gcc (Ubuntu/Linaro 4.7.2-2ubuntu1) 4.7.2
Copyright (C) 2012 Free Software Foundation, Inc.
This is free software; see the source for copying conditions.  There is NO
warranty; not even for MERCHANTABILITY or FITNESS FOR A PARTICULAR PURPOSE.

configure:3848: $? = 0
configure:3837: gcc -v >&5
Using built-in specs.
COLLECT_GCC=gcc
COLLECT_LTO_WRAPPER=/usr/lib/gcc/i686-linux-gnu/4.7/lto-wrapper
Target: i686-linux-gnu
Configured with: ../src/configure -v --with-pkgversion='Ubuntu/Linaro 4.7.2-2ubuntu1' --with-bugurl=file:///usr/share/doc/gcc-4.7/README.Bugs --enable-languages=c,c++,go,fortran,objc,obj-c++ --prefix=/usr --program-suffix=-4.7 --enable-shared --enable-linker-build-id --with-system-zlib --libexecdir=/usr/lib --without-included-gettext --enable-threads=posix --with-gxx-include-dir=/usr/include/c++/4.7 --libdir=/usr/lib --enable-nls --with-sysroot=/ --enable-clocale=gnu --enable-libstdcxx-debug --enable-libstdcxx-time=yes --enable-gnu-unique-object --enable-plugin --enable-objc-gc --enable-targets=all --disable-werror --with-arch-32=i686 --with-tune=generic --enable-checking=release --build=i686-linux-gnu --host=i686-linux-gnu --target=i686-linux-gnu
Thread model: posix
gcc version 4.7.2 (Ubuntu/Linaro 4.7.2-2ubuntu1) 
configure:3848: $? = 0
configure:3837: gcc -V >&5
gcc: error: unrecognized command line option '-V'
gcc: fatal error: no input files
compilation terminated.
configure:3848: $? = 4
configure:3837: gcc -qversion >&5
gcc: error: unrecognized command line option '-qversion'
gcc: fatal error: no input files
compilation terminated.
configure:3848: $? = 4
configure:3868: checking whether the C compiler works
configure:3890: gcc    conftest.c  >&5
configure:3894: $? = 0
configure:3942: result: yes
configure:3945: checking for C compiler default output file name
configure:3947: result: a.out
configure:3953: checking for suffix of executables
configure:3960: gcc -o conftest    conftest.c  >&5
configure:3964: $? = 0
configure:3986: result: 
configure:4008: checking whether we are cross compiling
configure:4016: gcc -o conftest    conftest.c  >&5
configure:4020: $? = 0
configure:4027: ./conftest
configure:4031: $? = 0
configure:4046: result: no
configure:4051: checking for suffix of object files
configure:4073: gcc -c   conftest.c >&5
configure:4077: $? = 0
configure:4098: result: o
configure:4102: checking whether we are using the GNU C compiler
configure:4121: gcc -c   conftest.c >&5
configure:4121: $? = 0
configure:4130: result: yes
configure:4139: checking whether gcc accepts -g
configure:4159: gcc -c -g  conftest.c >&5
configure:4159: $? = 0
configure:4200: result: yes
configure:4217: checking for gcc option to accept ISO C89
configure:4280: gcc  -c -g -O2  conftest.c >&5
configure:4280: $? = 0
configure:4293: result: none needed
configure:4315: checking dependency style of gcc
configure:4426: result: gcc3
configure:4441: checking for a sed that does not truncate output
configure:4505: result: /bin/sed
configure:4523: checking for grep that handles long lines and -e
configure:4581: result: /bin/grep
configure:4586: checking for egrep
configure:4648: result: /bin/grep -E
configure:4653: checking for fgrep
configure:4715: result: /bin/grep -F
configure:4750: checking for ld used by gcc
configure:4817: result: /usr/bin/ld
configure:4824: checking if the linker (/usr/bin/ld) is GNU ld
configure:4839: result: yes
configure:4851: checking for BSD- or MS-compatible name lister (nm)
configure:4900: result: /usr/bin/nm -B
configure:5030: checking the name lister (/usr/bin/nm -B) interface
configure:5037: gcc -c -g -O2  conftest.c >&5
configure:5040: /usr/bin/nm -B "conftest.o"
configure:5043: output
00000000 B some_variable
configure:5050: result: BSD nm
configure:5053: checking whether ln -s works
configure:5057: result: yes
configure:5065: checking the maximum length of command line arguments
configure:5195: result: 1572864
configure:5212: checking whether the shell understands some XSI constructs
configure:5222: result: yes
configure:5226: checking whether the shell understands "+="
configure:5232: result: yes
configure:5267: checking how to convert i686-pc-linux-gnu file names to i686-pc-linux-gnu format
configure:5307: result: func_convert_file_noop
configure:5314: checking how to convert i686-pc-linux-gnu file names to toolchain format
configure:5334: result: func_convert_file_noop
configure:5341: checking for /usr/bin/ld option to reload object files
configure:5348: result: -r
configure:5422: checking for objdump
configure:5449: result: objdump
configure:5478: checking how to recognize dependent libraries
configure:5680: result: pass_all
configure:5765: checking for dlltool
configure:5792: result: dlltool
configure:5822: checking how to associate runtime and link libraries
configure:5849: result: printf %s\n
configure:5910: checking for ar
configure:5926: found /usr/bin/ar
configure:5937: result: ar
configure:5974: checking for archiver @FILE support
configure:5991: gcc -c -g -O2  conftest.c >&5
configure:5991: $? = 0
configure:5994: ar cru libconftest.a @conftest.lst >&5
configure:5997: $? = 0
configure:6002: ar cru libconftest.a @conftest.lst >&5
ar: conftest.o: No such file or directory
configure:6005: $? = 1
configure:6017: result: @
configure:6075: checking for strip
configure:6091: found /usr/bin/strip
configure:6102: result: strip
configure:6174: checking for ranlib
configure:6190: found /usr/bin/ranlib
configure:6201: result: ranlib
configure:6303: checking command to parse /usr/bin/nm -B output from gcc object
configure:6423: gcc -c -g -O2  conftest.c >&5
configure:6426: $? = 0
configure:6430: /usr/bin/nm -B conftest.o \| sed -n -e 's/^.*[ ]\([ABCDGIRSTW][ABCDGIRSTW]*\)[ ][ ]*\([_A-Za-z][_A-Za-z0-9]*\)$/\1 \2 \2/p' | sed '/ __gnu_lto/d' \> conftest.nm
configure:6433: $? = 0
configure:6499: gcc -o conftest -g -O2   conftest.c conftstm.o >&5
configure:6502: $? = 0
configure:6540: result: ok
configure:6577: checking for sysroot
configure:6607: result: no
configure:6863: checking for mt
configure:6879: found /bin/mt
configure:6890: result: mt
configure:6913: checking if mt is a manifest tool
configure:6919: mt '-?'
configure:6927: result: no
configure:7569: checking how to run the C preprocessor
configure:7600: gcc -E  conftest.c
configure:7600: $? = 0
configure:7614: gcc -E  conftest.c
conftest.c:9:28: fatal error: ac_nonexistent.h: No such file or directory
compilation terminated.
configure:7614: $? = 1
configure: failed program was:
| /* confdefs.h */
| #define PACKAGE_NAME ""
| #define PACKAGE_TARNAME ""
| #define PACKAGE_VERSION ""
| #define PACKAGE_STRING ""
| #define PACKAGE_BUGREPORT ""
| #define PACKAGE_URL ""
| /* end confdefs.h.  */
| #include <ac_nonexistent.h>
configure:7639: result: gcc -E
configure:7659: gcc -E  conftest.c
configure:7659: $? = 0
configure:7673: gcc -E  conftest.c
conftest.c:9:28: fatal error: ac_nonexistent.h: No such file or directory
compilation terminated.
configure:7673: $? = 1
configure: failed program was:
| /* confdefs.h */
| #define PACKAGE_NAME ""
| #define PACKAGE_TARNAME ""
| #define PACKAGE_VERSION ""
| #define PACKAGE_STRING ""
| #define PACKAGE_BUGREPORT ""
| #define PACKAGE_URL ""
| /* end confdefs.h.  */
| #include <ac_nonexistent.h>
configure:7702: checking for ANSI C header files
configure:7722: gcc -c -g -O2  conftest.c >&5
configure:7722: $? = 0
configure:7795: gcc -o conftest -g -O2   conftest.c  >&5
configure:7795: $? = 0
configure:7795: ./conftest
configure:7795: $? = 0
configure:7806: result: yes
configure:7819: checking for sys/types.h
configure:7819: gcc -c -g -O2  conftest.c >&5
configure:7819: $? = 0
configure:7819: result: yes
configure:7819: checking for sys/stat.h
configure:7819: gcc -c -g -O2  conftest.c >&5
configure:7819: $? = 0
configure:7819: result: yes
configure:7819: checking for stdlib.h
configure:7819: gcc -c -g -O2  conftest.c >&5
configure:7819: $? = 0
configure:7819: result: yes
configure:7819: checking for string.h
configure:7819: gcc -c -g -O2  conftest.c >&5
configure:7819: $? = 0
configure:7819: result: yes
configure:7819: checking for memory.h
configure:7819: gcc -c -g -O2  conftest.c >&5
configure:7819: $? = 0
configure:7819: result: yes
configure:7819: checking for strings.h
configure:7819: gcc -c -g -O2  conftest.c >&5
configure:7819: $? = 0
configure:7819: result: yes
configure:7819: checking for inttypes.h
configure:7819: gcc -c -g -O2  conftest.c >&5
configure:7819: $? = 0
configure:7819: result: yes
configure:7819: checking for stdint.h
configure:7819: gcc -c -g -O2  conftest.c >&5
configure:7819: $? = 0
configure:7819: result: yes
configure:7819: checking for unistd.h
configure:7819: gcc -c -g -O2  conftest.c >&5
configure:7819: $? = 0
configure:7819: result: yes
configure:7833: checking for dlfcn.h
configure:7833: gcc -c -g -O2  conftest.c >&5
configure:7833: $? = 0
configure:7833: result: yes
configure:8037: checking for objdir
configure:8052: result: .libs
configure:8319: checking if gcc supports -fno-rtti -fno-exceptions
configure:8337: gcc -c -g -O2  -fno-rtti -fno-exceptions conftest.c >&5
cc1: warning: command line option '-fno-rtti' is valid for C++/ObjC++ but not for C [enabled by default]
configure:8341: $? = 0
configure:8354: result: no
configure:8681: checking for gcc option to produce PIC
configure:8688: result: -fPIC -DPIC
configure:8696: checking if gcc PIC flag -fPIC -DPIC works
configure:8714: gcc -c -g -O2  -fPIC -DPIC -DPIC conftest.c >&5
configure:8718: $? = 0
configure:8731: result: yes
configure:8760: checking if gcc static flag -static works
configure:8788: result: yes
configure:8803: checking if gcc supports -c -o file.o
configure:8824: gcc -c -g -O2  -o out/conftest2.o conftest.c >&5
configure:8828: $? = 0
configure:8850: result: yes
configure:8858: checking if gcc supports -c -o file.o
configure:8905: result: yes
configure:8938: checking whether the gcc linker (/usr/bin/ld) supports shared libraries
configure:10095: result: yes
configure:10132: checking whether -lc should be explicitly linked in
configure:10140: gcc -c -g -O2  conftest.c >&5
configure:10143: $? = 0
configure:10158: gcc -shared  -fPIC -DPIC conftest.o  -v -Wl,-soname -Wl,conftest -o conftest 2\>\&1 \| /bin/grep  -lc  \>/dev/null 2\>\&1
configure:10161: $? = 0
configure:10175: result: no
configure:10335: checking dynamic linker characteristics
configure:10846: gcc -o conftest -g -O2   -Wl,-rpath -Wl,/foo conftest.c  >&5
configure:10846: $? = 0
configure:11080: result: GNU/Linux ld.so
configure:11187: checking how to hardcode library paths into programs
configure:11212: result: immediate
configure:11752: checking whether stripping libraries is possible
configure:11757: result: yes
configure:11792: checking if libtool supports shared libraries
configure:11794: result: yes
configure:11797: checking whether to build shared libraries
configure:11818: result: yes
configure:11821: checking whether to build static libraries
configure:11825: result: yes
configure:11863: checking whether byte ordering is bigendian
configure:11878: gcc -c -g -O2  conftest.c >&5
conftest.c:22:9: error: unknown type name 'not'
conftest.c:22:15: error: expected '=', ',', ';', 'asm' or '__attribute__' before 'universal'
conftest.c:22:15: error: unknown type name 'universal'
configure:11878: $? = 1
configure: failed program was:
| /* confdefs.h */
| #define PACKAGE_NAME ""
| #define PACKAGE_TARNAME ""
| #define PACKAGE_VERSION ""
| #define PACKAGE_STRING ""
| #define PACKAGE_BUGREPORT ""
| #define PACKAGE_URL ""
| #define STDC_HEADERS 1
| #define HAVE_SYS_TYPES_H 1
| #define HAVE_SYS_STAT_H 1
| #define HAVE_STDLIB_H 1
| #define HAVE_STRING_H 1
| #define HAVE_MEMORY_H 1
| #define HAVE_STRINGS_H 1
| #define HAVE_INTTYPES_H 1
| #define HAVE_STDINT_H 1
| #define HAVE_UNISTD_H 1
| #define HAVE_DLFCN_H 1
| #define LT_OBJDIR ".libs/"
| /* end confdefs.h.  */
| #ifndef __APPLE_CC__
| 	       not a universal capable compiler
| 	     #endif
| 	     typedef int dummy;
| 
configure:11923: gcc -c -g -O2  conftest.c >&5
configure:11923: $? = 0
configure:11941: gcc -c -g -O2  conftest.c >&5
conftest.c: In function 'main':
conftest.c:28:4: error: unknown type name 'not'
conftest.c:28:12: error: expected '=', ',', ';', 'asm' or '__attribute__' before 'endian'
configure:11941: $? = 1
configure: failed program was:
| /* confdefs.h */
| #define PACKAGE_NAME ""
| #define PACKAGE_TARNAME ""
| #define PACKAGE_VERSION ""
| #define PACKAGE_STRING ""
| #define PACKAGE_BUGREPORT ""
| #define PACKAGE_URL ""
| #define STDC_HEADERS 1
| #define HAVE_SYS_TYPES_H 1
| #define HAVE_SYS_STAT_H 1
| #define HAVE_STDLIB_H 1
| #define HAVE_STRING_H 1
| #define HAVE_MEMORY_H 1
| #define HAVE_STRINGS_H 1
| #define HAVE_INTTYPES_H 1
| #define HAVE_STDINT_H 1
| #define HAVE_UNISTD_H 1
| #define HAVE_DLFCN_H 1
| #define LT_OBJDIR ".libs/"
| /* end confdefs.h.  */
| #include <sys/types.h>
| 		#include <sys/param.h>
| 
| int
| main ()
| {
| #if BYTE_ORDER != BIG_ENDIAN
| 		 not big endian
| 		#endif
| 
|   ;
|   return 0;
| }
configure:12069: result: no
configure:12087: checking for an ANSI C-conforming const
configure:12153: gcc -c -g -O2  conftest.c >&5
configure:12153: $? = 0
configure:12160: result: yes
configure:12168: checking for inline
configure:12184: gcc -c -g -O2  conftest.c >&5
configure:12184: $? = 0
configure:12192: result: inline
configure:12210: checking for C/C++ restrict keyword
configure:12235: gcc -c -g -O2  conftest.c >&5
configure:12235: $? = 0
configure:12243: result: __restrict
configure:12258: checking for C99 variable-size arrays
configure:12275: gcc -c -g -O2  conftest.c >&5
configure:12275: $? = 0
configure:12285: result: yes
configure:12291: checking alloca.h usability
configure:12291: gcc -c -g -O2  conftest.c >&5
configure:12291: $? = 0
configure:12291: result: yes
configure:12291: checking alloca.h presence
configure:12291: gcc -E  conftest.c
configure:12291: $? = 0
configure:12291: result: yes
configure:12291: checking for alloca.h
configure:12291: result: yes
configure:12291: checking getopt.h usability
configure:12291: gcc -c -g -O2  conftest.c >&5
configure:12291: $? = 0
configure:12291: result: yes
configure:12291: checking getopt.h presence
configure:12291: gcc -E  conftest.c
configure:12291: $? = 0
configure:12291: result: yes
configure:12291: checking for getopt.h
configure:12291: result: yes
configure:12301: checking for alloca
configure:12322: gcc -c -g -O2  conftest.c >&5
configure:12322: $? = 0
configure:12336: result: yes
configure:12339: checking for SSE in current arch/CFLAGS
configure:12358: gcc -o conftest -g -O2   conftest.c  >&5
In file included from conftest.c:27:0:
/usr/lib/gcc/i686-linux-gnu/4.7/include/xmmintrin.h:32:3: error: #error "SSE instruction set not enabled"
conftest.c:28:1: error: unknown type name '__m128'
configure:12358: $? = 1
configure: failed program was:
| /* confdefs.h */
| #define PACKAGE_NAME ""
| #define PACKAGE_TARNAME ""
| #define PACKAGE_VERSION ""
| #define PACKAGE_STRING ""
| #define PACKAGE_BUGREPORT ""
| #define PACKAGE_URL ""
| #define STDC_HEADERS 1
| #define HAVE_SYS_TYPES_H 1
| #define HAVE_SYS_STAT_H 1
| #define HAVE_STDLIB_H 1
| #define HAVE_STRING_H 1
| #define HAVE_MEMORY_H 1
| #define HAVE_STRINGS_H 1
| #define HAVE_INTTYPES_H 1
| #define HAVE_STDINT_H 1
| #define HAVE_UNISTD_H 1
| #define HAVE_DLFCN_H 1
| #define LT_OBJDIR ".libs/"
| #define restrict __restrict
| #define VAR_ARRAYS /**/
| #define HAVE_ALLOCA_H 1
| #define HAVE_GETOPT_H 1
| /* end confdefs.h.  */
| 
| 
| #include <xmmintrin.h>
| __m128 testfunc(float *a, float *b) {
|   return _mm_add_ps(_mm_loadu_ps(a), _mm_loadu_ps(b));
| }
| 
| int
| main ()
| {
| 
|   ;
|   return 0;
| }
configure:12370: result: no
configure:12375: checking for ELF visibility
configure:12393: gcc -c -g -O2 -fvisibility=hidden  conftest.c >&5
configure:12393: $? = 0
configure:12411: result: yes
configure:12417: checking sys/soundcard.h usability
configure:12417: gcc -c -g -O2 -fvisibility=hidden  conftest.c >&5
configure:12417: $? = 0
configure:12417: result: yes
configure:12417: checking sys/soundcard.h presence
configure:12417: gcc -E  conftest.c
configure:12417: $? = 0
configure:12417: result: yes
configure:12417: checking for sys/soundcard.h
configure:12417: result: yes
configure:12417: checking sys/audioio.h usability
configure:12417: gcc -c -g -O2 -fvisibility=hidden  conftest.c >&5
conftest.c:60:25: fatal error: sys/audioio.h: No such file or directory
compilation terminated.
configure:12417: $? = 1
configure: failed program was:
| /* confdefs.h */
| #define PACKAGE_NAME ""
| #define PACKAGE_TARNAME ""
| #define PACKAGE_VERSION ""
| #define PACKAGE_STRING ""
| #define PACKAGE_BUGREPORT ""
| #define PACKAGE_URL ""
| #define STDC_HEADERS 1
| #define HAVE_SYS_TYPES_H 1
| #define HAVE_SYS_STAT_H 1
| #define HAVE_STDLIB_H 1
| #define HAVE_STRING_H 1
| #define HAVE_MEMORY_H 1
| #define HAVE_STRINGS_H 1
| #define HAVE_INTTYPES_H 1
| #define HAVE_STDINT_H 1
| #define HAVE_UNISTD_H 1
| #define HAVE_DLFCN_H 1
| #define LT_OBJDIR ".libs/"
| #define restrict __restrict
| #define VAR_ARRAYS /**/
| #define HAVE_ALLOCA_H 1
| #define HAVE_GETOPT_H 1
| #define EXPORT __attribute__((visibility("default")))
| #define HAVE_SYS_SOUNDCARD_H 1
| /* end confdefs.h.  */
| #include <stdio.h>
| #ifdef HAVE_SYS_TYPES_H
| # include <sys/types.h>
| #endif
| #ifdef HAVE_SYS_STAT_H
| # include <sys/stat.h>
| #endif
| #ifdef STDC_HEADERS
| # include <stdlib.h>
| # include <stddef.h>
| #else
| # ifdef HAVE_STDLIB_H
| #  include <stdlib.h>
| # endif
| #endif
| #ifdef HAVE_STRING_H
| # if !defined STDC_HEADERS && defined HAVE_MEMORY_H
| #  include <memory.h>
| # endif
| # include <string.h>
| #endif
| #ifdef HAVE_STRINGS_H
| # include <strings.h>
| #endif
| #ifdef HAVE_INTTYPES_H
| # include <inttypes.h>
| #endif
| #ifdef HAVE_STDINT_H
| # include <stdint.h>
| #endif
| #ifdef HAVE_UNISTD_H
| # include <unistd.h>
| #endif
| #include <sys/audioio.h>
configure:12417: result: no
configure:12417: checking sys/audioio.h presence
configure:12417: gcc -E  conftest.c
conftest.c:27:25: fatal error: sys/audioio.h: No such file or directory
compilation terminated.
configure:12417: $? = 1
configure: failed program was:
| /* confdefs.h */
| #define PACKAGE_NAME ""
| #define PACKAGE_TARNAME ""
| #define PACKAGE_VERSION ""
| #define PACKAGE_STRING ""
| #define PACKAGE_BUGREPORT ""
| #define PACKAGE_URL ""
| #define STDC_HEADERS 1
| #define HAVE_SYS_TYPES_H 1
| #define HAVE_SYS_STAT_H 1
| #define HAVE_STDLIB_H 1
| #define HAVE_STRING_H 1
| #define HAVE_MEMORY_H 1
| #define HAVE_STRINGS_H 1
| #define HAVE_INTTYPES_H 1
| #define HAVE_STDINT_H 1
| #define HAVE_UNISTD_H 1
| #define HAVE_DLFCN_H 1
| #define LT_OBJDIR ".libs/"
| #define restrict __restrict
| #define VAR_ARRAYS /**/
| #define HAVE_ALLOCA_H 1
| #define HAVE_GETOPT_H 1
| #define EXPORT __attribute__((visibility("default")))
| #define HAVE_SYS_SOUNDCARD_H 1
| /* end confdefs.h.  */
| #include <sys/audioio.h>
configure:12417: result: no
configure:12417: checking for sys/audioio.h
configure:12417: result: no
configure:12478: checking for Ogg
configure:12508: gcc -o conftest -g -O2 -fvisibility=hidden    conftest.c   -logg >&5
conftest.c:31:21: fatal error: ogg/ogg.h: No such file or directory
compilation terminated.
configure:12508: $? = 1
configure: program exited with status 1
configure: failed program was:
| /* confdefs.h */
| #define PACKAGE_NAME ""
| #define PACKAGE_TARNAME ""
| #define PACKAGE_VERSION ""
| #define PACKAGE_STRING ""
| #define PACKAGE_BUGREPORT ""
| #define PACKAGE_URL ""
| #define STDC_HEADERS 1
| #define HAVE_SYS_TYPES_H 1
| #define HAVE_SYS_STAT_H 1
| #define HAVE_STDLIB_H 1
| #define HAVE_STRING_H 1
| #define HAVE_MEMORY_H 1
| #define HAVE_STRINGS_H 1
| #define HAVE_INTTYPES_H 1
| #define HAVE_STDINT_H 1
| #define HAVE_UNISTD_H 1
| #define HAVE_DLFCN_H 1
| #define LT_OBJDIR ".libs/"
| #define restrict __restrict
| #define VAR_ARRAYS /**/
| #define HAVE_ALLOCA_H 1
| #define HAVE_GETOPT_H 1
| #define EXPORT __attribute__((visibility("default")))
| #define HAVE_SYS_SOUNDCARD_H 1
| /* end confdefs.h.  */
| 
| #include <stdio.h>
| #include <stdlib.h>
| #include <string.h>
| #include <ogg/ogg.h>
| 
| int main ()
| {
|   system("touch conf.oggtest");
|   return 0;
| }
| 
| 
configure:12526: result: no
configure:12548: gcc -o conftest -g -O2 -fvisibility=hidden    conftest.c   -logg >&5
conftest.c:29:21: fatal error: ogg/ogg.h: No such file or directory
compilation terminated.
configure:12548: $? = 1
configure: failed program was:
| /* confdefs.h */
| #define PACKAGE_NAME ""
| #define PACKAGE_TARNAME ""
| #define PACKAGE_VERSION ""
| #define PACKAGE_STRING ""
| #define PACKAGE_BUGREPORT ""
| #define PACKAGE_URL ""
| #define STDC_HEADERS 1
| #define HAVE_SYS_TYPES_H 1
| #define HAVE_SYS_STAT_H 1
| #define HAVE_STDLIB_H 1
| #define HAVE_STRING_H 1
| #define HAVE_MEMORY_H 1
| #define HAVE_STRINGS_H 1
| #define HAVE_INTTYPES_H 1
| #define HAVE_STDINT_H 1
| #define HAVE_UNISTD_H 1
| #define HAVE_DLFCN_H 1
| #define LT_OBJDIR ".libs/"
| #define restrict __restrict
| #define VAR_ARRAYS /**/
| #define HAVE_ALLOCA_H 1
| #define HAVE_GETOPT_H 1
| #define EXPORT __attribute__((visibility("default")))
| #define HAVE_SYS_SOUNDCARD_H 1
| /* end confdefs.h.  */
| 
| #include <stdio.h>
| #include <ogg/ogg.h>
| 
| int
| main ()
| {
|  return 0;
|   ;
|   return 0;
| }
configure:12578: checking for sin in -lm
configure:12603: gcc -o conftest -g -O2 -fvisibility=hidden   conftest.c -lm   >&5
conftest.c:34:6: warning: conflicting types for built-in function 'sin' [enabled by default]
configure:12603: $? = 0
configure:12612: result: yes
configure:12627: checking for getopt_long
configure:12627: gcc -o conftest -g -O2 -fvisibility=hidden   conftest.c -lm  >&5
configure:12627: $? = 0
configure:12627: result: yes
configure:12694: checking for main in -lwinmm
configure:12713: gcc -o conftest -g -O2 -fvisibility=hidden   conftest.c -lwinmm  -lm  >&5
/usr/bin/ld: cannot find -lwinmm
collect2: error: ld returned 1 exit status
configure:12713: $? = 1
configure: failed program was:
| /* confdefs.h */
| #define PACKAGE_NAME ""
| #define PACKAGE_TARNAME ""
| #define PACKAGE_VERSION ""
| #define PACKAGE_STRING ""
| #define PACKAGE_BUGREPORT ""
| #define PACKAGE_URL ""
| #define STDC_HEADERS 1
| #define HAVE_SYS_TYPES_H 1
| #define HAVE_SYS_STAT_H 1
| #define HAVE_STDLIB_H 1
| #define HAVE_STRING_H 1
| #define HAVE_MEMORY_H 1
| #define HAVE_STRINGS_H 1
| #define HAVE_INTTYPES_H 1
| #define HAVE_STDINT_H 1
| #define HAVE_UNISTD_H 1
| #define HAVE_DLFCN_H 1
| #define LT_OBJDIR ".libs/"
| #define restrict __restrict
| #define VAR_ARRAYS /**/
| #define HAVE_ALLOCA_H 1
| #define HAVE_GETOPT_H 1
| #define EXPORT __attribute__((visibility("default")))
| #define HAVE_SYS_SOUNDCARD_H 1
| #define HAVE_LIBM 1
| #define HAVE_GETOPT_LONG 1
| /* end confdefs.h.  */
| 
| 
| int
| main ()
| {
| return main ();
|   ;
|   return 0;
| }
configure:12722: result: no
configure:12960: checking for pkg-config
configure:12978: found /usr/bin/pkg-config
configure:12990: result: /usr/bin/pkg-config
configure:13015: checking pkg-config is at least version 0.9.0
configure:13018: result: yes
configure:13211: checking size of short
configure:13216: gcc -o conftest -g -O2 -fvisibility=hidden   conftest.c -lm  >&5
configure:13216: $? = 0
configure:13216: ./conftest
configure:13216: $? = 0
configure:13230: result: 2
configure:13244: checking size of int
configure:13249: gcc -o conftest -g -O2 -fvisibility=hidden   conftest.c -lm  >&5
configure:13249: $? = 0
configure:13249: ./conftest
configure:13249: $? = 0
configure:13263: result: 4
configure:13277: checking size of long
configure:13282: gcc -o conftest -g -O2 -fvisibility=hidden   conftest.c -lm  >&5
configure:13282: $? = 0
configure:13282: ./conftest
configure:13282: $? = 0
configure:13296: result: 4
configure:13489: creating ./config.status

## ---------------------- ##
## Running config.status. ##
## ---------------------- ##

This file was extended by config.status, which was
generated by GNU Autoconf 2.69.  Invocation command line was

  CONFIG_FILES    = 
  CONFIG_HEADERS  = 
  CONFIG_LINKS    = 
  CONFIG_COMMANDS = 
  $ ./config.status 

on ubuntu

config.status:1155: creating Makefile
config.status:1155: creating libspeex/Makefile
config.status:1155: creating src/Makefile
config.status:1155: creating doc/Makefile
config.status:1155: creating Speex.spec
config.status:1155: creating include/Makefile
config.status:1155: creating include/speex/Makefile
config.status:1155: creating speex.pc
config.status:1155: creating speexdsp.pc
config.status:1155: creating win32/Makefile
config.status:1155: creating win32/libspeex/Makefile
config.status:1155: creating win32/speexenc/Makefile
config.status:1155: creating win32/speexdec/Makefile
config.status:1155: creating symbian/Makefile
config.status:1155: creating win32/VS2003/Makefile
config.status:1155: creating win32/VS2003/tests/Makefile
config.status:1155: creating win32/VS2003/libspeex/Makefile
config.status:1155: creating win32/VS2003/libspeexdsp/Makefile
config.status:1155: creating win32/VS2003/speexdec/Makefile
config.status:1155: creating win32/VS2003/speexenc/Makefile
config.status:1155: creating win32/VS2005/Makefile
config.status:1155: creating win32/VS2005/libspeex/Makefile
config.status:1155: creating win32/VS2005/speexdec/Makefile
config.status:1155: creating win32/VS2005/speexenc/Makefile
config.status:1155: creating win32/VS2005/libspeexdsp/Makefile
config.status:1155: creating win32/VS2005/tests/Makefile
config.status:1155: creating win32/VS2008/libspeexdsp/Makefile
config.status:1155: creating win32/VS2008/Makefile
config.status:1155: creating win32/VS2008/speexdec/Makefile
config.status:1155: creating win32/VS2008/tests/Makefile
config.status:1155: creating win32/VS2008/libspeex/Makefile
config.status:1155: creating win32/VS2008/speexenc/Makefile
config.status:1155: creating include/speex/speex_config_types.h
config.status:1155: creating ti/Makefile
config.status:1155: creating ti/speex_C54_test/Makefile
config.status:1155: creating ti/speex_C55_test/Makefile
config.status:1155: creating ti/speex_C64_test/Makefile
config.status:1155: creating config.h
config.status:1384: executing depfiles commands
config.status:1384: executing libtool commands

## ---------------- ##
## Cache variables. ##
## ---------------- ##

ac_cv_build=i686-pc-linux-gnu
ac_cv_c_bigendian=no
ac_cv_c_compiler_gnu=yes
ac_cv_c_const=yes
ac_cv_c_inline=inline
ac_cv_c_restrict=__restrict
ac_cv_env_CC_set=
ac_cv_env_CC_value=
ac_cv_env_CFLAGS_set=
ac_cv_env_CFLAGS_value=
ac_cv_env_CPPFLAGS_set=
ac_cv_env_CPPFLAGS_value=
ac_cv_env_CPP_set=
ac_cv_env_CPP_value=
ac_cv_env_FFT_CFLAGS_set=
ac_cv_env_FFT_CFLAGS_value=
ac_cv_env_FFT_LIBS_set=
ac_cv_env_FFT_LIBS_value=
ac_cv_env_LDFLAGS_set=
ac_cv_env_LDFLAGS_value=
ac_cv_env_LIBS_set=
ac_cv_env_LIBS_value=
ac_cv_env_PKG_CONFIG_LIBDIR_set=
ac_cv_env_PKG_CONFIG_LIBDIR_value=
ac_cv_env_PKG_CONFIG_PATH_set=
ac_cv_env_PKG_CONFIG_PATH_value=
ac_cv_env_PKG_CONFIG_set=
ac_cv_env_PKG_CONFIG_value=
ac_cv_env_build_alias_set=
ac_cv_env_build_alias_value=
ac_cv_env_host_alias_set=
ac_cv_env_host_alias_value=
ac_cv_env_target_alias_set=
ac_cv_env_target_alias_value=
ac_cv_func_getopt_long=yes
ac_cv_header_alloca_h=yes
ac_cv_header_dlfcn_h=yes
ac_cv_header_getopt_h=yes
ac_cv_header_inttypes_h=yes
ac_cv_header_memory_h=yes
ac_cv_header_stdc=yes
ac_cv_header_stdint_h=yes
ac_cv_header_stdlib_h=yes
ac_cv_header_string_h=yes
ac_cv_header_strings_h=yes
ac_cv_header_sys_audioio_h=no
ac_cv_header_sys_soundcard_h=yes
ac_cv_header_sys_stat_h=yes
ac_cv_header_sys_types_h=yes
ac_cv_header_unistd_h=yes
ac_cv_host=i686-pc-linux-gnu
ac_cv_lib_m_sin=yes
ac_cv_lib_winmm_main=no
ac_cv_objext=o
ac_cv_path_EGREP='/bin/grep -E'
ac_cv_path_FGREP='/bin/grep -F'
ac_cv_path_GREP=/bin/grep
ac_cv_path_SED=/bin/sed
ac_cv_path_ac_pt_PKG_CONFIG=/usr/bin/pkg-config
ac_cv_path_install='/usr/bin/install -c'
ac_cv_path_mkdir=/bin/mkdir
ac_cv_prog_AWK=mawk
ac_cv_prog_CPP='gcc -E'
ac_cv_prog_ac_ct_AR=ar
ac_cv_prog_ac_ct_CC=gcc
ac_cv_prog_ac_ct_DLLTOOL=dlltool
ac_cv_prog_ac_ct_MANIFEST_TOOL=mt
ac_cv_prog_ac_ct_OBJDUMP=objdump
ac_cv_prog_ac_ct_RANLIB=ranlib
ac_cv_prog_ac_ct_STRIP=strip
ac_cv_prog_cc_c89=
ac_cv_prog_cc_g=yes
ac_cv_prog_make_make_set=yes
ac_cv_sizeof_int=4
ac_cv_sizeof_long=4
ac_cv_sizeof_short=2
am_cv_CC_dependencies_compiler_type=gcc3
lt_cv_ar_at_file=@
lt_cv_archive_cmds_need_lc=no
lt_cv_deplibs_check_method=pass_all
lt_cv_file_magic_cmd='$MAGIC_CMD'
lt_cv_file_magic_test_file=
lt_cv_ld_reload_flag=-r
lt_cv_nm_interface='BSD nm'
lt_cv_objdir=.libs
lt_cv_path_LD=/usr/bin/ld
lt_cv_path_NM='/usr/bin/nm -B'
lt_cv_path_mainfest_tool=no
lt_cv_prog_compiler_c_o=yes
lt_cv_prog_compiler_pic='-fPIC -DPIC'
lt_cv_prog_compiler_pic_works=yes
lt_cv_prog_compiler_rtti_exceptions=no
lt_cv_prog_compiler_static_works=yes
lt_cv_prog_gnu_ld=yes
lt_cv_sharedlib_from_linklib_cmd='printf %s\n'
lt_cv_shlibpath_overrides_runpath=no
lt_cv_sys_global_symbol_pipe='sed -n -e '\''s/^.*[	 ]\([ABCDGIRSTW][ABCDGIRSTW]*\)[	 ][	 ]*\([_A-Za-z][_A-Za-z0-9]*\)$/\1 \2 \2/p'\'' | sed '\''/ __gnu_lto/d'\'''
lt_cv_sys_global_symbol_to_c_name_address='sed -n -e '\''s/^: \([^ ]*\)[ ]*$/  {\"\1\", (void *) 0},/p'\'' -e '\''s/^[ABCDGIRSTW]* \([^ ]*\) \([^ ]*\)$/  {"\2", (void *) \&\2},/p'\'''
lt_cv_sys_global_symbol_to_c_name_address_lib_prefix='sed -n -e '\''s/^: \([^ ]*\)[ ]*$/  {\"\1\", (void *) 0},/p'\'' -e '\''s/^[ABCDGIRSTW]* \([^ ]*\) \(lib[^ ]*\)$/  {"\2", (void *) \&\2},/p'\'' -e '\''s/^[ABCDGIRSTW]* \([^ ]*\) \([^ ]*\)$/  {"lib\2", (void *) \&\2},/p'\'''
lt_cv_sys_global_symbol_to_cdecl='sed -n -e '\''s/^T .* \(.*\)$/extern int \1();/p'\'' -e '\''s/^[ABCDGIRSTW]* .* \(.*\)$/extern char \1;/p'\'''
lt_cv_sys_max_cmd_len=1572864
lt_cv_to_host_file_cmd=func_convert_file_noop
lt_cv_to_tool_file_cmd=func_convert_file_noop

## ----------------- ##
## Output variables. ##
## ----------------- ##

ACLOCAL='${SHELL} /home/blue/workspace/media/jni/speex/missing --run aclocal-1.11'
AMDEPBACKSLASH='\'
AMDEP_FALSE='#'
AMDEP_TRUE=''
AMTAR='$${TAR-tar}'
AR='ar'
AS='as'
AUTOCONF='${SHELL} /home/blue/workspace/media/jni/speex/missing --run autoconf'
AUTOHEADER='${SHELL} /home/blue/workspace/media/jni/speex/missing --run autoheader'
AUTOMAKE='${SHELL} /home/blue/workspace/media/jni/speex/missing --run automake-1.11'
AWK='mawk'
BUILD_KISS_FFT_FALSE=''
BUILD_KISS_FFT_TRUE='#'
BUILD_SMALLFT_FALSE='#'
BUILD_SMALLFT_TRUE=''
BUILD_VORBIS_PSY_FALSE=''
BUILD_VORBIS_PSY_TRUE='#'
CC='gcc'
CCDEPMODE='depmode=gcc3'
CFLAGS='-g -O2 -fvisibility=hidden'
CPP='gcc -E'
CPPFLAGS=''
CYGPATH_W='echo'
DEFS='-DHAVE_CONFIG_H'
DEPDIR='.deps'
DLLTOOL='dlltool'
DSYMUTIL=''
DUMPBIN=''
ECHO_C=''
ECHO_N='-n'
ECHO_T=''
EGREP='/bin/grep -E'
EXEEXT=''
FFT_CFLAGS=''
FFT_LIBS=''
FFT_PKGCONFIG=''
FGREP='/bin/grep -F'
GREP='/bin/grep'
INSTALL_DATA='${INSTALL} -m 644'
INSTALL_PROGRAM='${INSTALL}'
INSTALL_SCRIPT='${INSTALL}'
INSTALL_STRIP_PROGRAM='$(install_sh) -c -s'
LD='/usr/bin/ld'
LDFLAGS=''
LIBOBJS=''
LIBS='-lm '
LIBTOOL='$(SHELL) $(top_builddir)/libtool'
LIPO=''
LN_S='ln -s'
LTLIBOBJS=''
MAINT='#'
MAINTAINER_MODE_FALSE=''
MAINTAINER_MODE_TRUE='#'
MAKEINFO='${SHELL} /home/blue/workspace/media/jni/speex/missing --run makeinfo'
MANIFEST_TOOL=':'
MKDIR_P='/bin/mkdir -p'
NM='/usr/bin/nm -B'
NMEDIT=''
OBJDUMP='objdump'
OBJEXT='o'
OGG_CFLAGS=''
OGG_LIBS=''
OTOOL64=''
OTOOL=''
PACKAGE='speex'
PACKAGE_BUGREPORT=''
PACKAGE_NAME=''
PACKAGE_STRING=''
PACKAGE_TARNAME=''
PACKAGE_URL=''
PACKAGE_VERSION=''
PATH_SEPARATOR=':'
PKG_CONFIG='/usr/bin/pkg-config'
PKG_CONFIG_LIBDIR=''
PKG_CONFIG_PATH=''
RANLIB='ranlib'
SED='/bin/sed'
SET_MAKE=''
SHELL='/bin/bash'
SIZE16='short'
SIZE32='int'
SPEEX_LT_AGE='5'
SPEEX_LT_CURRENT='6'
SPEEX_LT_REVISION='0'
SPEEX_VERSION='1.2rc1'
STRIP='strip'
VERSION='1.2rc1'
ac_ct_AR='ar'
ac_ct_CC='gcc'
ac_ct_DUMPBIN=''
am__EXEEXT_FALSE=''
am__EXEEXT_TRUE='#'
am__fastdepCC_FALSE='#'
am__fastdepCC_TRUE=''
am__include='include'
am__isrc=''
am__leading_dot='.'
am__nodep='_no'
am__quote=''
am__tar='$${TAR-tar} chof - "$$tardir"'
am__untar='$${TAR-tar} xf -'
bindir='${exec_prefix}/bin'
build='i686-pc-linux-gnu'
build_alias=''
build_cpu='i686'
build_os='linux-gnu'
build_vendor='pc'
datadir='${datarootdir}'
datarootdir='${prefix}/share'
docdir='${datarootdir}/doc/${PACKAGE}'
dvidir='${docdir}'
exec_prefix='${prefix}'
host='i686-pc-linux-gnu'
host_alias=''
host_cpu='i686'
host_os='linux-gnu'
host_vendor='pc'
htmldir='${docdir}'
includedir='${prefix}/include'
infodir='${datarootdir}/info'
install_sh='${SHELL} /home/blue/workspace/media/jni/speex/install-sh'
libdir='${exec_prefix}/lib'
libexecdir='${exec_prefix}/libexec'
localedir='${datarootdir}/locale'
localstatedir='${prefix}/var'
mandir='${datarootdir}/man'
mkdir_p='/bin/mkdir -p'
oldincludedir='/usr/include'
pdfdir='${docdir}'
prefix='/usr/local'
program_transform_name='s,x,x,'
psdir='${docdir}'
sbindir='${exec_prefix}/sbin'
sharedstatedir='${prefix}/com'
src=''
sysconfdir='${prefix}/etc'
target_alias=''

## ----------- ##
## confdefs.h. ##
## ----------- ##

/* confdefs.h */
#define PACKAGE_NAME ""
#define PACKAGE_TARNAME ""
#define PACKAGE_VERSION ""
#define PACKAGE_STRING ""
#define PACKAGE_BUGREPORT ""
#define PACKAGE_URL ""
#define STDC_HEADERS 1
#define HAVE_SYS_TYPES_H 1
#define HAVE_SYS_STAT_H 1
#define HAVE_STDLIB_H 1
#define HAVE_STRING_H 1
#define HAVE_MEMORY_H 1
#define HAVE_STRINGS_H 1
#define HAVE_INTTYPES_H 1
#define HAVE_STDINT_H 1
#define HAVE_UNISTD_H 1
#define HAVE_DLFCN_H 1
#define LT_OBJDIR ".libs/"
#define restrict __restrict
#define VAR_ARRAYS /**/
#define HAVE_ALLOCA_H 1
#define HAVE_GETOPT_H 1
#define EXPORT __attribute__((visibility("default")))
#define HAVE_SYS_SOUNDCARD_H 1
#define HAVE_LIBM 1
#define HAVE_GETOPT_LONG 1
#define SPEEX_VERSION "1.2rc1"
#define SPEEX_MAJOR_VERSION 1
#define SPEEX_MINOR_VERSION 1
#define SPEEX_MICRO_VERSION 16
#define SPEEX_EXTRA_VERSION ""
#define FLOATING_POINT /**/
#define USE_SMALLFT /**/
#define SIZEOF_SHORT 2
#define SIZEOF_INT 4
#define SIZEOF_LONG 4
#define _BUILD_SPEEX /**/

configure: exit 0
