This file contains any messages produced by compilers while
running configure, to aid debugging if configure makes a mistake.

It was created by zvbi configure 0.2.35, which was
generated by GNU Autoconf 2.67.  Invocation command line was

  $ ./configure --enable-shared --disable-static --disable-nls --disable-v4l --disable-bktr --disable-proxy --without-doxygen

## --------- ##
## Platform. ##
## --------- ##

hostname = ubuntu
uname -m = x86_64
uname -r = 3.13.0-30-generic
uname -s = Linux
uname -v = #54-Ubuntu SMP Mon Jun 9 22:45:01 UTC 2014

/usr/bin/uname -p = unknown
/bin/uname -X     = unknown

/bin/arch              = unknown
/usr/bin/arch -k       = unknown
/usr/convex/getsysinfo = unknown
/usr/bin/hostinfo      = unknown
/bin/machine           = unknown
/usr/bin/oslevel       = unknown
/bin/universe          = unknown

PATH: /home/blue/bin
PATH: /usr/local/sbin
PATH: /usr/local/bin
PATH: /usr/sbin
PATH: /usr/bin
PATH: /sbin
PATH: /bin
PATH: /usr/games
PATH: /usr/local/games


## ----------- ##
## Core tests. ##
## ----------- ##

configure:2556: checking for a BSD-compatible install
configure:2624: result: /usr/bin/install -c
configure:2635: checking whether build environment is sane
configure:2672: result: yes
configure:2734: checking for gawk
configure:2764: result: no
configure:2734: checking for mawk
configure:2750: found /usr/bin/mawk
configure:2761: result: mawk
configure:2772: checking whether make sets $(MAKE)
configure:2794: result: yes
configure:2990: checking whether to enable maintainer-specific portions of Makefiles
configure:2999: result: no
configure:3030: checking for style of include used by make
configure:3058: result: GNU
configure:3131: checking for gcc
configure:3147: found /usr/bin/gcc
configure:3158: result: gcc
configure:3387: checking for C compiler version
configure:3396: gcc --version >&5
gcc (Ubuntu 4.8.2-19ubuntu1) 4.8.2
Copyright (C) 2013 Free Software Foundation, Inc.
This is free software; see the source for copying conditions.  There is NO
warranty; not even for MERCHANTABILITY or FITNESS FOR A PARTICULAR PURPOSE.

configure:3407: $? = 0
configure:3396: gcc -v >&5
Using built-in specs.
COLLECT_GCC=gcc
COLLECT_LTO_WRAPPER=/usr/lib/gcc/x86_64-linux-gnu/4.8/lto-wrapper
Target: x86_64-linux-gnu
Configured with: ../src/configure -v --with-pkgversion='Ubuntu 4.8.2-19ubuntu1' --with-bugurl=file:///usr/share/doc/gcc-4.8/README.Bugs --enable-languages=c,c++,java,go,d,fortran,objc,obj-c++ --prefix=/usr --program-suffix=-4.8 --enable-shared --enable-linker-build-id --libexecdir=/usr/lib --without-included-gettext --enable-threads=posix --with-gxx-include-dir=/usr/include/c++/4.8 --libdir=/usr/lib --enable-nls --with-sysroot=/ --enable-clocale=gnu --enable-libstdcxx-debug --enable-libstdcxx-time=yes --enable-gnu-unique-object --disable-libmudflap --enable-plugin --with-system-zlib --disable-browser-plugin --enable-java-awt=gtk --enable-gtk-cairo --with-java-home=/usr/lib/jvm/java-1.5.0-gcj-4.8-amd64/jre --enable-java-home --with-jvm-root-dir=/usr/lib/jvm/java-1.5.0-gcj-4.8-amd64 --with-jvm-jar-dir=/usr/lib/jvm-exports/java-1.5.0-gcj-4.8-amd64 --with-arch-directory=amd64 --with-ecj-jar=/usr/share/java/eclipse-ecj.jar --enable-objc-gc --enable-multiarch --disable-werror --with-arch-32=i686 --with-abi=m64 --with-multilib-list=m32,m64,mx32 --with-tune=generic --enable-checking=release --build=x86_64-linux-gnu --host=x86_64-linux-gnu --target=x86_64-linux-gnu
Thread model: posix
gcc version 4.8.2 (Ubuntu 4.8.2-19ubuntu1) 
configure:3407: $? = 0
configure:3396: gcc -V >&5
gcc: error: unrecognized command line option '-V'
gcc: fatal error: no input files
compilation terminated.
configure:3407: $? = 4
configure:3396: gcc -qversion >&5
gcc: error: unrecognized command line option '-qversion'
gcc: fatal error: no input files
compilation terminated.
configure:3407: $? = 4
configure:3427: checking whether the C compiler works
configure:3449: gcc    conftest.c  >&5
configure:3453: $? = 0
configure:3501: result: yes
configure:3504: checking for C compiler default output file name
configure:3506: result: a.out
configure:3512: checking for suffix of executables
configure:3519: gcc -o conftest    conftest.c  >&5
configure:3523: $? = 0
configure:3545: result: 
configure:3567: checking whether we are cross compiling
configure:3575: gcc -o conftest    conftest.c  >&5
configure:3579: $? = 0
configure:3586: ./conftest
configure:3590: $? = 0
configure:3605: result: no
configure:3610: checking for suffix of object files
configure:3632: gcc -c   conftest.c >&5
configure:3636: $? = 0
configure:3657: result: o
configure:3661: checking whether we are using the GNU C compiler
configure:3680: gcc -c   conftest.c >&5
configure:3680: $? = 0
configure:3689: result: yes
configure:3698: checking whether gcc accepts -g
configure:3718: gcc -c -g  conftest.c >&5
configure:3718: $? = 0
configure:3759: result: yes
configure:3776: checking for gcc option to accept ISO C89
configure:3840: gcc  -c -g -O2  conftest.c >&5
configure:3840: $? = 0
configure:3853: result: none needed
configure:3875: checking dependency style of gcc
configure:3965: result: gcc3
configure:3988: checking how to run the C preprocessor
configure:4019: gcc -E  conftest.c
configure:4019: $? = 0
configure:4033: gcc -E  conftest.c
conftest.c:11:28: fatal error: ac_nonexistent.h: No such file or directory
 #include <ac_nonexistent.h>
                            ^
compilation terminated.
configure:4033: $? = 1
configure: failed program was:
| /* confdefs.h */
| #define PACKAGE_NAME "zvbi"
| #define PACKAGE_TARNAME "zvbi"
| #define PACKAGE_VERSION "0.2.35"
| #define PACKAGE_STRING "zvbi 0.2.35"
| #define PACKAGE_BUGREPORT ""
| #define PACKAGE_URL ""
| #define PACKAGE "zvbi"
| #define VERSION "0.2.35"
| /* end confdefs.h.  */
| #include <ac_nonexistent.h>
configure:4058: result: gcc -E
configure:4078: gcc -E  conftest.c
configure:4078: $? = 0
configure:4092: gcc -E  conftest.c
conftest.c:11:28: fatal error: ac_nonexistent.h: No such file or directory
 #include <ac_nonexistent.h>
                            ^
compilation terminated.
configure:4092: $? = 1
configure: failed program was:
| /* confdefs.h */
| #define PACKAGE_NAME "zvbi"
| #define PACKAGE_TARNAME "zvbi"
| #define PACKAGE_VERSION "0.2.35"
| #define PACKAGE_STRING "zvbi 0.2.35"
| #define PACKAGE_BUGREPORT ""
| #define PACKAGE_URL ""
| #define PACKAGE "zvbi"
| #define VERSION "0.2.35"
| /* end confdefs.h.  */
| #include <ac_nonexistent.h>
configure:4121: checking for grep that handles long lines and -e
configure:4179: result: /bin/grep
configure:4184: checking for egrep
configure:4246: result: /bin/grep -E
configure:4251: checking for ANSI C header files
configure:4271: gcc -c -g -O2  conftest.c >&5
configure:4271: $? = 0
configure:4344: gcc -o conftest -g -O2   conftest.c  >&5
configure:4344: $? = 0
configure:4344: ./conftest
configure:4344: $? = 0
configure:4355: result: yes
configure:4368: checking for sys/types.h
configure:4368: gcc -c -g -O2  conftest.c >&5
configure:4368: $? = 0
configure:4368: result: yes
configure:4368: checking for sys/stat.h
configure:4368: gcc -c -g -O2  conftest.c >&5
configure:4368: $? = 0
configure:4368: result: yes
configure:4368: checking for stdlib.h
configure:4368: gcc -c -g -O2  conftest.c >&5
configure:4368: $? = 0
configure:4368: result: yes
configure:4368: checking for string.h
configure:4368: gcc -c -g -O2  conftest.c >&5
configure:4368: $? = 0
configure:4368: result: yes
configure:4368: checking for memory.h
configure:4368: gcc -c -g -O2  conftest.c >&5
configure:4368: $? = 0
configure:4368: result: yes
configure:4368: checking for strings.h
configure:4368: gcc -c -g -O2  conftest.c >&5
configure:4368: $? = 0
configure:4368: result: yes
configure:4368: checking for inttypes.h
configure:4368: gcc -c -g -O2  conftest.c >&5
configure:4368: $? = 0
configure:4368: result: yes
configure:4368: checking for stdint.h
configure:4368: gcc -c -g -O2  conftest.c >&5
configure:4368: $? = 0
configure:4368: result: yes
configure:4368: checking for unistd.h
configure:4368: gcc -c -g -O2  conftest.c >&5
configure:4368: $? = 0
configure:4368: result: yes
configure:4381: checking minix/config.h usability
configure:4381: gcc -c -g -O2  conftest.c >&5
conftest.c:54:26: fatal error: minix/config.h: No such file or directory
 #include <minix/config.h>
                          ^
compilation terminated.
configure:4381: $? = 1
configure: failed program was:
| /* confdefs.h */
| #define PACKAGE_NAME "zvbi"
| #define PACKAGE_TARNAME "zvbi"
| #define PACKAGE_VERSION "0.2.35"
| #define PACKAGE_STRING "zvbi 0.2.35"
| #define PACKAGE_BUGREPORT ""
| #define PACKAGE_URL ""
| #define PACKAGE "zvbi"
| #define VERSION "0.2.35"
| #define STDC_HEADERS 1
| #define HAVE_SYS_TYPES_H 1
| #define HAVE_SYS_STAT_H 1
| #define HAVE_STDLIB_H 1
| #define HAVE_STRING_H 1
| #define HAVE_MEMORY_H 1
| #define HAVE_STRINGS_H 1
| #define HAVE_INTTYPES_H 1
| #define HAVE_STDINT_H 1
| #define HAVE_UNISTD_H 1
| /* end confdefs.h.  */
| #include <stdio.h>
| #ifdef HAVE_SYS_TYPES_H
| # include <sys/types.h>
| #endif
| #ifdef HAVE_SYS_STAT_H
| # include <sys/stat.h>
| #endif
| #ifdef STDC_HEADERS
| # include <stdlib.h>
| # include <stddef.h>
| #else
| # ifdef HAVE_STDLIB_H
| #  include <stdlib.h>
| # endif
| #endif
| #ifdef HAVE_STRING_H
| # if !defined STDC_HEADERS && defined HAVE_MEMORY_H
| #  include <memory.h>
| # endif
| # include <string.h>
| #endif
| #ifdef HAVE_STRINGS_H
| # include <strings.h>
| #endif
| #ifdef HAVE_INTTYPES_H
| # include <inttypes.h>
| #endif
| #ifdef HAVE_STDINT_H
| # include <stdint.h>
| #endif
| #ifdef HAVE_UNISTD_H
| # include <unistd.h>
| #endif
| #include <minix/config.h>
configure:4381: result: no
configure:4381: checking minix/config.h presence
configure:4381: gcc -E  conftest.c
conftest.c:21:26: fatal error: minix/config.h: No such file or directory
 #include <minix/config.h>
                          ^
compilation terminated.
configure:4381: $? = 1
configure: failed program was:
| /* confdefs.h */
| #define PACKAGE_NAME "zvbi"
| #define PACKAGE_TARNAME "zvbi"
| #define PACKAGE_VERSION "0.2.35"
| #define PACKAGE_STRING "zvbi 0.2.35"
| #define PACKAGE_BUGREPORT ""
| #define PACKAGE_URL ""
| #define PACKAGE "zvbi"
| #define VERSION "0.2.35"
| #define STDC_HEADERS 1
| #define HAVE_SYS_TYPES_H 1
| #define HAVE_SYS_STAT_H 1
| #define HAVE_STDLIB_H 1
| #define HAVE_STRING_H 1
| #define HAVE_MEMORY_H 1
| #define HAVE_STRINGS_H 1
| #define HAVE_INTTYPES_H 1
| #define HAVE_STDINT_H 1
| #define HAVE_UNISTD_H 1
| /* end confdefs.h.  */
| #include <minix/config.h>
configure:4381: result: no
configure:4381: checking for minix/config.h
configure:4381: result: no
configure:4402: checking whether it is safe to define __EXTENSIONS__
configure:4420: gcc -c -g -O2  conftest.c >&5
configure:4420: $? = 0
configure:4427: result: yes
configure:4491: checking for gcc
configure:4518: result: gcc
configure:4747: checking for C compiler version
configure:4756: gcc --version >&5
gcc (Ubuntu 4.8.2-19ubuntu1) 4.8.2
Copyright (C) 2013 Free Software Foundation, Inc.
This is free software; see the source for copying conditions.  There is NO
warranty; not even for MERCHANTABILITY or FITNESS FOR A PARTICULAR PURPOSE.

configure:4767: $? = 0
configure:4756: gcc -v >&5
Using built-in specs.
COLLECT_GCC=gcc
COLLECT_LTO_WRAPPER=/usr/lib/gcc/x86_64-linux-gnu/4.8/lto-wrapper
Target: x86_64-linux-gnu
Configured with: ../src/configure -v --with-pkgversion='Ubuntu 4.8.2-19ubuntu1' --with-bugurl=file:///usr/share/doc/gcc-4.8/README.Bugs --enable-languages=c,c++,java,go,d,fortran,objc,obj-c++ --prefix=/usr --program-suffix=-4.8 --enable-shared --enable-linker-build-id --libexecdir=/usr/lib --without-included-gettext --enable-threads=posix --with-gxx-include-dir=/usr/include/c++/4.8 --libdir=/usr/lib --enable-nls --with-sysroot=/ --enable-clocale=gnu --enable-libstdcxx-debug --enable-libstdcxx-time=yes --enable-gnu-unique-object --disable-libmudflap --enable-plugin --with-system-zlib --disable-browser-plugin --enable-java-awt=gtk --enable-gtk-cairo --with-java-home=/usr/lib/jvm/java-1.5.0-gcj-4.8-amd64/jre --enable-java-home --with-jvm-root-dir=/usr/lib/jvm/java-1.5.0-gcj-4.8-amd64 --with-jvm-jar-dir=/usr/lib/jvm-exports/java-1.5.0-gcj-4.8-amd64 --with-arch-directory=amd64 --with-ecj-jar=/usr/share/java/eclipse-ecj.jar --enable-objc-gc --enable-multiarch --disable-werror --with-arch-32=i686 --with-abi=m64 --with-multilib-list=m32,m64,mx32 --with-tune=generic --enable-checking=release --build=x86_64-linux-gnu --host=x86_64-linux-gnu --target=x86_64-linux-gnu
Thread model: posix
gcc version 4.8.2 (Ubuntu 4.8.2-19ubuntu1) 
configure:4767: $? = 0
configure:4756: gcc -V >&5
gcc: error: unrecognized command line option '-V'
gcc: fatal error: no input files
compilation terminated.
configure:4767: $? = 4
configure:4756: gcc -qversion >&5
gcc: error: unrecognized command line option '-qversion'
gcc: fatal error: no input files
compilation terminated.
configure:4767: $? = 4
configure:4771: checking whether we are using the GNU C compiler
configure:4799: result: yes
configure:4808: checking whether gcc accepts -g
configure:4869: result: yes
configure:4886: checking for gcc option to accept ISO C89
configure:4963: result: none needed
configure:4985: checking dependency style of gcc
configure:5075: result: gcc3
configure:5151: checking for g++
configure:5167: found /usr/bin/g++
configure:5178: result: g++
configure:5205: checking for C++ compiler version
configure:5214: g++ --version >&5
g++ (Ubuntu 4.8.2-19ubuntu1) 4.8.2
Copyright (C) 2013 Free Software Foundation, Inc.
This is free software; see the source for copying conditions.  There is NO
warranty; not even for MERCHANTABILITY or FITNESS FOR A PARTICULAR PURPOSE.

configure:5225: $? = 0
configure:5214: g++ -v >&5
Using built-in specs.
COLLECT_GCC=g++
COLLECT_LTO_WRAPPER=/usr/lib/gcc/x86_64-linux-gnu/4.8/lto-wrapper
Target: x86_64-linux-gnu
Configured with: ../src/configure -v --with-pkgversion='Ubuntu 4.8.2-19ubuntu1' --with-bugurl=file:///usr/share/doc/gcc-4.8/README.Bugs --enable-languages=c,c++,java,go,d,fortran,objc,obj-c++ --prefix=/usr --program-suffix=-4.8 --enable-shared --enable-linker-build-id --libexecdir=/usr/lib --without-included-gettext --enable-threads=posix --with-gxx-include-dir=/usr/include/c++/4.8 --libdir=/usr/lib --enable-nls --with-sysroot=/ --enable-clocale=gnu --enable-libstdcxx-debug --enable-libstdcxx-time=yes --enable-gnu-unique-object --disable-libmudflap --enable-plugin --with-system-zlib --disable-browser-plugin --enable-java-awt=gtk --enable-gtk-cairo --with-java-home=/usr/lib/jvm/java-1.5.0-gcj-4.8-amd64/jre --enable-java-home --with-jvm-root-dir=/usr/lib/jvm/java-1.5.0-gcj-4.8-amd64 --with-jvm-jar-dir=/usr/lib/jvm-exports/java-1.5.0-gcj-4.8-amd64 --with-arch-directory=amd64 --with-ecj-jar=/usr/share/java/eclipse-ecj.jar --enable-objc-gc --enable-multiarch --disable-werror --with-arch-32=i686 --with-abi=m64 --with-multilib-list=m32,m64,mx32 --with-tune=generic --enable-checking=release --build=x86_64-linux-gnu --host=x86_64-linux-gnu --target=x86_64-linux-gnu
Thread model: posix
gcc version 4.8.2 (Ubuntu 4.8.2-19ubuntu1) 
configure:5225: $? = 0
configure:5214: g++ -V >&5
g++: error: unrecognized command line option '-V'
g++: fatal error: no input files
compilation terminated.
configure:5225: $? = 4
configure:5214: g++ -qversion >&5
g++: error: unrecognized command line option '-qversion'
g++: fatal error: no input files
compilation terminated.
configure:5225: $? = 4
configure:5229: checking whether we are using the GNU C++ compiler
configure:5248: g++ -c   conftest.cpp >&5
configure:5248: $? = 0
configure:5257: result: yes
configure:5266: checking whether g++ accepts -g
configure:5286: g++ -c -g  conftest.cpp >&5
configure:5286: $? = 0
configure:5327: result: yes
configure:5352: checking dependency style of g++
configure:5442: result: gcc3
configure:5467: checking for strndup
configure:5467: gcc -o conftest -g -O2   conftest.c  -lm >&5
conftest.c:49:6: warning: conflicting types for built-in function 'strndup' [enabled by default]
 char strndup ();
      ^
configure:5467: $? = 0
configure:5467: result: yes
configure:5467: checking for strlcpy
configure:5467: gcc -o conftest -g -O2   conftest.c  -lm >&5
/tmp/ccKfGTHe.o: In function `main':
/home/blue/workspace/media_player/jni/zvbi-0.2.35/conftest.c:61: undefined reference to `strlcpy'
collect2: error: ld returned 1 exit status
configure:5467: $? = 1
configure: failed program was:
| /* confdefs.h */
| #define PACKAGE_NAME "zvbi"
| #define PACKAGE_TARNAME "zvbi"
| #define PACKAGE_VERSION "0.2.35"
| #define PACKAGE_STRING "zvbi 0.2.35"
| #define PACKAGE_BUGREPORT ""
| #define PACKAGE_URL ""
| #define PACKAGE "zvbi"
| #define VERSION "0.2.35"
| #define STDC_HEADERS 1
| #define HAVE_SYS_TYPES_H 1
| #define HAVE_SYS_STAT_H 1
| #define HAVE_STDLIB_H 1
| #define HAVE_STRING_H 1
| #define HAVE_MEMORY_H 1
| #define HAVE_STRINGS_H 1
| #define HAVE_INTTYPES_H 1
| #define HAVE_STDINT_H 1
| #define HAVE_UNISTD_H 1
| #define __EXTENSIONS__ 1
| #define _ALL_SOURCE 1
| #define _GNU_SOURCE 1
| #define _POSIX_PTHREAD_SEMANTICS 1
| #define _TANDEM_SOURCE 1
| #define HAVE_STRNDUP 1
| /* end confdefs.h.  */
| /* Define strlcpy to an innocuous variant, in case <limits.h> declares strlcpy.
|    For example, HP-UX 11i <limits.h> declares gettimeofday.  */
| #define strlcpy innocuous_strlcpy
| 
| /* System header to define __stub macros and hopefully few prototypes,
|     which can conflict with char strlcpy (); below.
|     Prefer <limits.h> to <assert.h> if __STDC__ is defined, since
|     <limits.h> exists even on freestanding compilers.  */
| 
| #ifdef __STDC__
| # include <limits.h>
| #else
| # include <assert.h>
| #endif
| 
| #undef strlcpy
| 
| /* Override any GCC internal prototype to avoid an error.
|    Use char because int might match the return type of a GCC
|    builtin and then its argument prototype would still apply.  */
| #ifdef __cplusplus
| extern "C"
| #endif
| char strlcpy ();
| /* The GNU C library defines this for functions which it implements
|     to always fail with ENOSYS.  Some functions are actually named
|     something starting with __ and the normal name is an alias.  */
| #if defined __stub_strlcpy || defined __stub___strlcpy
| choke me
| #endif
| 
| int
| main ()
| {
| return strlcpy ();
|   ;
|   return 0;
| }
configure:5467: result: no
configure:5467: checking for asprintf
configure:5467: gcc -o conftest -g -O2   conftest.c  -lm >&5
configure:5467: $? = 0
configure:5467: result: yes
configure:5467: checking for vasprintf
configure:5467: gcc -o conftest -g -O2   conftest.c  -lm >&5
configure:5467: $? = 0
configure:5467: result: yes
configure:5467: checking for getopt_long
configure:5467: gcc -o conftest -g -O2   conftest.c  -lm >&5
configure:5467: $? = 0
configure:5467: result: yes
configure:5467: checking for getaddrinfo
configure:5467: gcc -o conftest -g -O2   conftest.c  -lm >&5
configure:5467: $? = 0
configure:5467: result: yes
configure:5467: checking for clock_settime
configure:5467: gcc -o conftest -g -O2   conftest.c  -lm >&5
configure:5467: $? = 0
configure:5467: result: yes
configure:5467: checking for program_invocation_name
configure:5467: gcc -o conftest -g -O2   conftest.c  -lm >&5
configure:5467: $? = 0
configure:5467: result: yes
configure:5467: checking for memalign
configure:5467: gcc -o conftest -g -O2   conftest.c  -lm >&5
configure:5467: $? = 0
configure:5467: result: yes
configure:5467: checking for posix_memalign
configure:5467: gcc -o conftest -g -O2   conftest.c  -lm >&5
configure:5467: $? = 0
configure:5467: result: yes
configure:5477: checking for sincos
configure:5495: gcc -o conftest -g -O2   conftest.c  -lm >&5
conftest.c: In function 'main':
conftest.c:42:1: warning: format '%f' expects argument of type 'float *', but argument 2 has type 'double *' [-Wformat=]
 scanf ("%f", &s);
 ^
conftest.c:42:7: warning: ignoring return value of 'scanf', declared with attribute warn_unused_result [-Wunused-result]
 scanf ("%f", &s);
       ^
configure:5495: $? = 0
configure:5497: result: yes
configure:5512: checking for log2
configure:5527: gcc -o conftest -g -O2   conftest.c  -lm >&5
conftest.c: In function 'main':
conftest.c:41:1: warning: format '%f' expects argument of type 'float *', but argument 2 has type 'double *' [-Wformat=]
 scanf ("%f", &x);
 ^
conftest.c:41:7: warning: ignoring return value of 'scanf', declared with attribute warn_unused_result [-Wunused-result]
 scanf ("%f", &x);
       ^
configure:5527: $? = 0
configure:5529: result: yes
configure:5544: checking for strerror_r
configure:5556: gcc -c -g -O2  conftest.c >&5
configure:5556: $? = 0
configure:5558: result: yes, GNU version
configure:5603: checking whether byte ordering is bigendian
configure:5618: gcc -c -g -O2  conftest.c >&5
conftest.c:41:9: error: unknown type name 'not'
         not a universal capable compiler
         ^
conftest.c:41:15: error: expected '=', ',', ';', 'asm' or '__attribute__' before 'universal'
         not a universal capable compiler
               ^
conftest.c:41:15: error: unknown type name 'universal'
configure:5618: $? = 1
configure: failed program was:
| /* confdefs.h */
| #define PACKAGE_NAME "zvbi"
| #define PACKAGE_TARNAME "zvbi"
| #define PACKAGE_VERSION "0.2.35"
| #define PACKAGE_STRING "zvbi 0.2.35"
| #define PACKAGE_BUGREPORT ""
| #define PACKAGE_URL ""
| #define PACKAGE "zvbi"
| #define VERSION "0.2.35"
| #define STDC_HEADERS 1
| #define HAVE_SYS_TYPES_H 1
| #define HAVE_SYS_STAT_H 1
| #define HAVE_STDLIB_H 1
| #define HAVE_STRING_H 1
| #define HAVE_MEMORY_H 1
| #define HAVE_STRINGS_H 1
| #define HAVE_INTTYPES_H 1
| #define HAVE_STDINT_H 1
| #define HAVE_UNISTD_H 1
| #define __EXTENSIONS__ 1
| #define _ALL_SOURCE 1
| #define _GNU_SOURCE 1
| #define _POSIX_PTHREAD_SEMANTICS 1
| #define _TANDEM_SOURCE 1
| #define HAVE_STRNDUP 1
| #define HAVE_ASPRINTF 1
| #define HAVE_VASPRINTF 1
| #define HAVE_GETOPT_LONG 1
| #define HAVE_GETADDRINFO 1
| #define HAVE_CLOCK_SETTIME 1
| #define HAVE_PROGRAM_INVOCATION_NAME 1
| #define HAVE_MEMALIGN 1
| #define HAVE_POSIX_MEMALIGN 1
| #define HAVE_SINCOS 1
| #define HAVE_LOG2 1
| #define HAVE_GNU_STRERROR_R 1
| #define Z_LITTLE_ENDIAN 1234
| #define Z_BIG_ENDIAN 4321
| /* end confdefs.h.  */
| #ifndef __APPLE_CC__
| 	       not a universal capable compiler
| 	     #endif
| 	     typedef int dummy;
| 
configure:5663: gcc -c -g -O2  conftest.c >&5
configure:5663: $? = 0
configure:5681: gcc -c -g -O2  conftest.c >&5
conftest.c: In function 'main':
conftest.c:47:4: error: unknown type name 'not'
    not big endian
    ^
conftest.c:47:12: error: expected '=', ',', ';', 'asm' or '__attribute__' before 'endian'
    not big endian
            ^
configure:5681: $? = 1
configure: failed program was:
| /* confdefs.h */
| #define PACKAGE_NAME "zvbi"
| #define PACKAGE_TARNAME "zvbi"
| #define PACKAGE_VERSION "0.2.35"
| #define PACKAGE_STRING "zvbi 0.2.35"
| #define PACKAGE_BUGREPORT ""
| #define PACKAGE_URL ""
| #define PACKAGE "zvbi"
| #define VERSION "0.2.35"
| #define STDC_HEADERS 1
| #define HAVE_SYS_TYPES_H 1
| #define HAVE_SYS_STAT_H 1
| #define HAVE_STDLIB_H 1
| #define HAVE_STRING_H 1
| #define HAVE_MEMORY_H 1
| #define HAVE_STRINGS_H 1
| #define HAVE_INTTYPES_H 1
| #define HAVE_STDINT_H 1
| #define HAVE_UNISTD_H 1
| #define __EXTENSIONS__ 1
| #define _ALL_SOURCE 1
| #define _GNU_SOURCE 1
| #define _POSIX_PTHREAD_SEMANTICS 1
| #define _TANDEM_SOURCE 1
| #define HAVE_STRNDUP 1
| #define HAVE_ASPRINTF 1
| #define HAVE_VASPRINTF 1
| #define HAVE_GETOPT_LONG 1
| #define HAVE_GETADDRINFO 1
| #define HAVE_CLOCK_SETTIME 1
| #define HAVE_PROGRAM_INVOCATION_NAME 1
| #define HAVE_MEMALIGN 1
| #define HAVE_POSIX_MEMALIGN 1
| #define HAVE_SINCOS 1
| #define HAVE_LOG2 1
| #define HAVE_GNU_STRERROR_R 1
| #define Z_LITTLE_ENDIAN 1234
| #define Z_BIG_ENDIAN 4321
| /* end confdefs.h.  */
| #include <sys/types.h>
| 		#include <sys/param.h>
| 
| int
| main ()
| {
| #if BYTE_ORDER != BIG_ENDIAN
| 		 not big endian
| 		#endif
| 
|   ;
|   return 0;
| }
configure:5809: result: no
configure:5860: checking build system type
configure:5874: result: x86_64-unknown-linux-gnu
configure:5894: checking host system type
configure:5907: result: x86_64-unknown-linux-gnu
configure:5927: checking for a sed that does not truncate output
configure:5991: result: /bin/sed
configure:6009: checking for fgrep
configure:6071: result: /bin/grep -F
configure:6106: checking for ld used by gcc
configure:6173: result: /usr/bin/ld
configure:6180: checking if the linker (/usr/bin/ld) is GNU ld
configure:6195: result: yes
configure:6207: checking for BSD- or MS-compatible name lister (nm)
configure:6256: result: /usr/bin/nm -B
configure:6374: checking the name lister (/usr/bin/nm -B) interface
configure:6381: gcc -c -g -O2  conftest.c >&5
configure:6384: /usr/bin/nm -B "conftest.o"
configure:6387: output
0000000000000000 B some_variable
configure:6394: result: BSD nm
configure:6397: checking whether ln -s works
configure:6401: result: yes
configure:6409: checking the maximum length of command line arguments
configure:6529: result: 1572864
configure:6546: checking whether the shell understands some XSI constructs
configure:6556: result: yes
configure:6560: checking whether the shell understands "+="
configure:6566: result: yes
configure:6601: checking for /usr/bin/ld option to reload object files
configure:6608: result: -r
configure:6677: checking for objdump
configure:6693: found /usr/bin/objdump
configure:6704: result: objdump
configure:6736: checking how to recognize dependent libraries
configure:6932: result: pass_all
configure:6992: checking for ar
configure:7008: found /usr/bin/ar
configure:7019: result: ar
configure:7097: checking for strip
configure:7113: found /usr/bin/strip
configure:7124: result: strip
configure:7196: checking for ranlib
configure:7212: found /usr/bin/ranlib
configure:7223: result: ranlib
configure:7313: checking command to parse /usr/bin/nm -B output from gcc object
configure:7431: gcc -c -g -O2  conftest.c >&5
configure:7434: $? = 0
configure:7438: /usr/bin/nm -B conftest.o \| sed -n -e 's/^.*[	 ]\([ABCDGIRSTW][ABCDGIRSTW]*\)[	 ][	 ]*\([_A-Za-z][_A-Za-z0-9]*\)$/\1 \2 \2/p' \> conftest.nm
configure:7441: $? = 0
configure:7495: gcc -o conftest -g -O2   conftest.c conftstm.o >&5
configure:7498: $? = 0
configure:7536: result: ok
configure:7631: gcc -c -g -O2  conftest.c >&5
configure:7634: $? = 0
configure:8341: checking for dlfcn.h
configure:8341: gcc -c -g -O2  conftest.c >&5
configure:8341: $? = 0
configure:8341: result: yes
configure:8466: checking for C++ compiler version
configure:8475: g++ --version >&5
g++ (Ubuntu 4.8.2-19ubuntu1) 4.8.2
Copyright (C) 2013 Free Software Foundation, Inc.
This is free software; see the source for copying conditions.  There is NO
warranty; not even for MERCHANTABILITY or FITNESS FOR A PARTICULAR PURPOSE.

configure:8486: $? = 0
configure:8475: g++ -v >&5
Using built-in specs.
COLLECT_GCC=g++
COLLECT_LTO_WRAPPER=/usr/lib/gcc/x86_64-linux-gnu/4.8/lto-wrapper
Target: x86_64-linux-gnu
Configured with: ../src/configure -v --with-pkgversion='Ubuntu 4.8.2-19ubuntu1' --with-bugurl=file:///usr/share/doc/gcc-4.8/README.Bugs --enable-languages=c,c++,java,go,d,fortran,objc,obj-c++ --prefix=/usr --program-suffix=-4.8 --enable-shared --enable-linker-build-id --libexecdir=/usr/lib --without-included-gettext --enable-threads=posix --with-gxx-include-dir=/usr/include/c++/4.8 --libdir=/usr/lib --enable-nls --with-sysroot=/ --enable-clocale=gnu --enable-libstdcxx-debug --enable-libstdcxx-time=yes --enable-gnu-unique-object --disable-libmudflap --enable-plugin --with-system-zlib --disable-browser-plugin --enable-java-awt=gtk --enable-gtk-cairo --with-java-home=/usr/lib/jvm/java-1.5.0-gcj-4.8-amd64/jre --enable-java-home --with-jvm-root-dir=/usr/lib/jvm/java-1.5.0-gcj-4.8-amd64 --with-jvm-jar-dir=/usr/lib/jvm-exports/java-1.5.0-gcj-4.8-amd64 --with-arch-directory=amd64 --with-ecj-jar=/usr/share/java/eclipse-ecj.jar --enable-objc-gc --enable-multiarch --disable-werror --with-arch-32=i686 --with-abi=m64 --with-multilib-list=m32,m64,mx32 --with-tune=generic --enable-checking=release --build=x86_64-linux-gnu --host=x86_64-linux-gnu --target=x86_64-linux-gnu
Thread model: posix
gcc version 4.8.2 (Ubuntu 4.8.2-19ubuntu1) 
configure:8486: $? = 0
configure:8475: g++ -V >&5
g++: error: unrecognized command line option '-V'
g++: fatal error: no input files
compilation terminated.
configure:8486: $? = 4
configure:8475: g++ -qversion >&5
g++: error: unrecognized command line option '-qversion'
g++: fatal error: no input files
compilation terminated.
configure:8486: $? = 4
configure:8490: checking whether we are using the GNU C++ compiler
configure:8518: result: yes
configure:8527: checking whether g++ accepts -g
configure:8588: result: yes
configure:8613: checking dependency style of g++
configure:8703: result: gcc3
configure:8728: checking how to run the C++ preprocessor
configure:8755: g++ -E  conftest.cpp
configure:8755: $? = 0
configure:8769: g++ -E  conftest.cpp
conftest.cpp:42:28: fatal error: ac_nonexistent.h: No such file or directory
 #include <ac_nonexistent.h>
                            ^
compilation terminated.
configure:8769: $? = 1
configure: failed program was:
| /* confdefs.h */
| #define PACKAGE_NAME "zvbi"
| #define PACKAGE_TARNAME "zvbi"
| #define PACKAGE_VERSION "0.2.35"
| #define PACKAGE_STRING "zvbi 0.2.35"
| #define PACKAGE_BUGREPORT ""
| #define PACKAGE_URL ""
| #define PACKAGE "zvbi"
| #define VERSION "0.2.35"
| #define STDC_HEADERS 1
| #define HAVE_SYS_TYPES_H 1
| #define HAVE_SYS_STAT_H 1
| #define HAVE_STDLIB_H 1
| #define HAVE_STRING_H 1
| #define HAVE_MEMORY_H 1
| #define HAVE_STRINGS_H 1
| #define HAVE_INTTYPES_H 1
| #define HAVE_STDINT_H 1
| #define HAVE_UNISTD_H 1
| #define __EXTENSIONS__ 1
| #define _ALL_SOURCE 1
| #define _GNU_SOURCE 1
| #define _POSIX_PTHREAD_SEMANTICS 1
| #define _TANDEM_SOURCE 1
| #define HAVE_STRNDUP 1
| #define HAVE_ASPRINTF 1
| #define HAVE_VASPRINTF 1
| #define HAVE_GETOPT_LONG 1
| #define HAVE_GETADDRINFO 1
| #define HAVE_CLOCK_SETTIME 1
| #define HAVE_PROGRAM_INVOCATION_NAME 1
| #define HAVE_MEMALIGN 1
| #define HAVE_POSIX_MEMALIGN 1
| #define HAVE_SINCOS 1
| #define HAVE_LOG2 1
| #define HAVE_GNU_STRERROR_R 1
| #define Z_LITTLE_ENDIAN 1234
| #define Z_BIG_ENDIAN 4321
| #define Z_BYTE_ORDER 1234
| #define HAVE_DLFCN_H 1
| /* end confdefs.h.  */
| #include <ac_nonexistent.h>
configure:8794: result: g++ -E
configure:8814: g++ -E  conftest.cpp
configure:8814: $? = 0
configure:8828: g++ -E  conftest.cpp
conftest.cpp:42:28: fatal error: ac_nonexistent.h: No such file or directory
 #include <ac_nonexistent.h>
                            ^
compilation terminated.
configure:8828: $? = 1
configure: failed program was:
| /* confdefs.h */
| #define PACKAGE_NAME "zvbi"
| #define PACKAGE_TARNAME "zvbi"
| #define PACKAGE_VERSION "0.2.35"
| #define PACKAGE_STRING "zvbi 0.2.35"
| #define PACKAGE_BUGREPORT ""
| #define PACKAGE_URL ""
| #define PACKAGE "zvbi"
| #define VERSION "0.2.35"
| #define STDC_HEADERS 1
| #define HAVE_SYS_TYPES_H 1
| #define HAVE_SYS_STAT_H 1
| #define HAVE_STDLIB_H 1
| #define HAVE_STRING_H 1
| #define HAVE_MEMORY_H 1
| #define HAVE_STRINGS_H 1
| #define HAVE_INTTYPES_H 1
| #define HAVE_STDINT_H 1
| #define HAVE_UNISTD_H 1
| #define __EXTENSIONS__ 1
| #define _ALL_SOURCE 1
| #define _GNU_SOURCE 1
| #define _POSIX_PTHREAD_SEMANTICS 1
| #define _TANDEM_SOURCE 1
| #define HAVE_STRNDUP 1
| #define HAVE_ASPRINTF 1
| #define HAVE_VASPRINTF 1
| #define HAVE_GETOPT_LONG 1
| #define HAVE_GETADDRINFO 1
| #define HAVE_CLOCK_SETTIME 1
| #define HAVE_PROGRAM_INVOCATION_NAME 1
| #define HAVE_MEMALIGN 1
| #define HAVE_POSIX_MEMALIGN 1
| #define HAVE_SINCOS 1
| #define HAVE_LOG2 1
| #define HAVE_GNU_STRERROR_R 1
| #define Z_LITTLE_ENDIAN 1234
| #define Z_BIG_ENDIAN 4321
| #define Z_BYTE_ORDER 1234
| #define HAVE_DLFCN_H 1
| /* end confdefs.h.  */
| #include <ac_nonexistent.h>
configure:9034: checking for objdir
configure:9049: result: .libs
configure:9345: checking if gcc supports -fno-rtti -fno-exceptions
configure:9363: gcc -c -g -O2  -fno-rtti -fno-exceptions conftest.c >&5
cc1: warning: command line option '-fno-rtti' is valid for C++/ObjC++ but not for C [enabled by default]
configure:9367: $? = 0
configure:9380: result: no
configure:9400: checking for gcc option to produce PIC
configure:9672: result: -fPIC -DPIC
configure:9684: checking if gcc PIC flag -fPIC -DPIC works
configure:9702: gcc -c -g -O2  -fPIC -DPIC -DPIC conftest.c >&5
configure:9706: $? = 0
configure:9719: result: yes
configure:9743: checking if gcc static flag -static works
configure:9771: result: yes
configure:9786: checking if gcc supports -c -o file.o
configure:9807: gcc -c -g -O2  -o out/conftest2.o conftest.c >&5
configure:9811: $? = 0
configure:9833: result: yes
configure:9841: checking if gcc supports -c -o file.o
configure:9888: result: yes
configure:9921: checking whether the gcc linker (/usr/bin/ld -m elf_x86_64) supports shared libraries
configure:10912: result: yes
configure:10949: checking whether -lc should be explicitly linked in
configure:10954: gcc -c -g -O2  conftest.c >&5
configure:10957: $? = 0
configure:10972: gcc -shared conftest.o  -v -Wl,-soname -Wl,conftest -o conftest 2\>\&1 \| /bin/grep  -lc  \>/dev/null 2\>\&1
configure:10975: $? = 0
configure:10987: result: no
configure:11151: checking dynamic linker characteristics
configure:11584: gcc -o conftest -g -O2   -Wl,-rpath -Wl,/foo conftest.c  -lm >&5
configure:11584: $? = 0
configure:11814: result: GNU/Linux ld.so
configure:11916: checking how to hardcode library paths into programs
configure:11941: result: immediate
configure:12461: checking whether stripping libraries is possible
configure:12466: result: yes
configure:12501: checking if libtool supports shared libraries
configure:12503: result: yes
configure:12506: checking whether to build shared libraries
configure:12527: result: yes
configure:12530: checking whether to build static libraries
configure:12534: result: no
configure:12684: checking for ld used by g++
configure:12751: result: /usr/bin/ld -m elf_x86_64
configure:12758: checking if the linker (/usr/bin/ld -m elf_x86_64) is GNU ld
configure:12773: result: yes
configure:12828: checking whether the g++ linker (/usr/bin/ld -m elf_x86_64) supports shared libraries
configure:13741: result: yes
configure:13769: g++ -c -g -O2  conftest.cpp >&5
configure:13772: $? = 0
configure:13954: checking for g++ option to produce PIC
configure:14271: result: -fPIC -DPIC
configure:14280: checking if g++ PIC flag -fPIC -DPIC works
configure:14298: g++ -c -g -O2  -fPIC -DPIC -DPIC conftest.cpp >&5
configure:14302: $? = 0
configure:14315: result: yes
configure:14336: checking if g++ static flag -static works
configure:14364: result: yes
configure:14376: checking if g++ supports -c -o file.o
configure:14397: g++ -c -g -O2  -o out/conftest2.o conftest.cpp >&5
configure:14401: $? = 0
configure:14423: result: yes
configure:14428: checking if g++ supports -c -o file.o
configure:14475: result: yes
configure:14505: checking whether the g++ linker (/usr/bin/ld -m elf_x86_64) supports shared libraries
configure:14534: result: yes
configure:14671: checking dynamic linker characteristics
configure:15052: g++ -o conftest -g -O2   -Wl,-rpath -Wl,/foo conftest.cpp  -lm >&5
configure:15052: $? = 0
configure:15282: result: GNU/Linux ld.so
configure:15333: checking how to hardcode library paths into programs
configure:15358: result: immediate
configure:15440: checking if gcc supports --param inline-unit-growth=3000
configure:15455: gcc -c -g -O2 --param inline-unit-growth=3000  conftest.c >&5
configure:15455: $? = 0
configure:15462: result: yes
configure:15476: checking if gcc supports -std=c89
configure:15491: gcc -c -g -O2 -std=c89  conftest.c >&5
configure:15491: $? = 0
configure:15498: result: yes
configure:15511: checking if gcc supports -std=iso9899:199409
configure:15526: gcc -c -g -O2 -std=iso9899:199409  conftest.c >&5
configure:15526: $? = 0
configure:15533: result: yes
configure:15546: checking if gcc supports -std=c99
configure:15561: gcc -c -g -O2 -std=c99  conftest.c >&5
configure:15561: $? = 0
configure:15568: result: yes
configure:15581: checking if g++ supports -std=c++98
configure:15602: g++ -c -g -O2 -std=c++98  conftest.cpp >&5
configure:15602: $? = 0
configure:15615: result: yes
configure:15628: checking for pthread_create in -lpthread
configure:15653: gcc -o conftest -g -O2   conftest.c -lpthread   -lm >&5
configure:15653: $? = 0
configure:15662: result: yes
configure:15717: checking if struct tm has tm_gmtoff
configure:15730: gcc -c -g -O2  conftest.c >&5
configure:15730: $? = 0
configure:15732: result: yes
configure:15746: checking whether we are using the GNU C Library 2.1 or newer
configure:15762: result: yes
configure:15834: checking for ld used by GCC
configure:15898: result: /usr/bin/ld -m elf_x86_64
configure:15905: checking if the linker (/usr/bin/ld -m elf_x86_64) is GNU ld
configure:15918: result: yes
configure:15925: checking for shared library run path origin
configure:15938: result: done
configure:16401: checking for iconv
configure:16423: gcc -o conftest -g -O2   conftest.c -lpthread  -lm >&5
configure:16423: $? = 0
configure:16455: result: yes
configure:16481: checking for png_destroy_write_struct in -lpng
configure:16506: gcc -o conftest -g -O2   conftest.c -lpng -lz -lm -lpthread  -lm  >&5
configure:16506: $? = 0
configure:16515: result: yes
configure:16529: checking for X
configure:16637: gcc -E  conftest.c
configure:16637: $? = 0
configure:16668: gcc -o conftest -g -O2   conftest.c -lX11 -lpthread  -lm  -lpng -lz >&5
configure:16668: $? = 0
configure:16718: result: libraries , headers 
configure:16817: gcc -o conftest -g -O2   conftest.c -lpthread  -lm  -lpng -lz  -lX11 >&5
configure:16817: $? = 0
configure:16915: checking for gethostbyname
configure:16915: gcc -o conftest -g -O2   conftest.c -lpthread  -lm  -lpng -lz >&5
configure:16915: $? = 0
configure:16915: result: yes
configure:17012: checking for connect
configure:17012: gcc -o conftest -g -O2   conftest.c -lpthread  -lm  -lpng -lz >&5
configure:17012: $? = 0
configure:17012: result: yes
configure:17061: checking for remove
configure:17061: gcc -o conftest -g -O2   conftest.c -lpthread  -lm  -lpng -lz >&5
configure:17061: $? = 0
configure:17061: result: yes
configure:17110: checking for shmat
configure:17110: gcc -o conftest -g -O2   conftest.c -lpthread  -lm  -lpng -lz >&5
configure:17110: $? = 0
configure:17110: result: yes
configure:17168: checking for IceConnectionNumber in -lICE
configure:17193: gcc -o conftest -g -O2   conftest.c -lICE  -lpthread  -lm  -lpng -lz >&5
configure:17193: $? = 0
configure:17202: result: yes
configure:17242: checking whether to build the Video4Linux interface
configure:17251: result: no
configure:17262: checking whether to build the Linux DVB interface
configure:17271: result: yes
configure:17289: checking whether to build the *BSD bktr driver interface
configure:17298: result: no
configure:17308: checking if asm/types.h defines __s64 and __u64
configure:17317: gcc -c -g -O2  conftest.c >&5
configure:17317: $? = 0
configure:17321: result: yes
configure:17330: checking whether to build the vbi proxy daemon and interface
configure:17339: result: no
configure:17373: checking whether NLS is requested
configure:17382: result: no
configure:17420: checking for msgfmt
configure: trying /usr/bin/msgfmt...
0 translated messages.
configure:17452: result: /usr/bin/msgfmt
configure:17461: checking for gmsgfmt
configure:17492: result: /usr/bin/msgfmt
configure:17543: checking for xgettext
configure: trying /usr/bin/xgettext...
/usr/bin/xgettext: warning: file '/dev/null' extension '' is unknown; will try C
configure:17575: result: /usr/bin/xgettext
configure:17621: checking for msgmerge
configure: trying /usr/bin/msgmerge...
configure:17652: result: /usr/bin/msgmerge
configure:17689: checking for CFPreferencesCopyAppValue
configure:17707: gcc -o conftest -g -O2   conftest.c -lpthread  -lm  -lpng -lz -Wl,-framework -Wl,CoreFoundation >&5
conftest.c:50:42: fatal error: CoreFoundation/CFPreferences.h: No such file or directory
 #include <CoreFoundation/CFPreferences.h>
                                          ^
compilation terminated.
configure:17707: $? = 1
configure: failed program was:
| /* confdefs.h */
| #define PACKAGE_NAME "zvbi"
| #define PACKAGE_TARNAME "zvbi"
| #define PACKAGE_VERSION "0.2.35"
| #define PACKAGE_STRING "zvbi 0.2.35"
| #define PACKAGE_BUGREPORT ""
| #define PACKAGE_URL ""
| #define PACKAGE "zvbi"
| #define VERSION "0.2.35"
| #define STDC_HEADERS 1
| #define HAVE_SYS_TYPES_H 1
| #define HAVE_SYS_STAT_H 1
| #define HAVE_STDLIB_H 1
| #define HAVE_STRING_H 1
| #define HAVE_MEMORY_H 1
| #define HAVE_STRINGS_H 1
| #define HAVE_INTTYPES_H 1
| #define HAVE_STDINT_H 1
| #define HAVE_UNISTD_H 1
| #define __EXTENSIONS__ 1
| #define _ALL_SOURCE 1
| #define _GNU_SOURCE 1
| #define _POSIX_PTHREAD_SEMANTICS 1
| #define _TANDEM_SOURCE 1
| #define HAVE_STRNDUP 1
| #define HAVE_ASPRINTF 1
| #define HAVE_VASPRINTF 1
| #define HAVE_GETOPT_LONG 1
| #define HAVE_GETADDRINFO 1
| #define HAVE_CLOCK_SETTIME 1
| #define HAVE_PROGRAM_INVOCATION_NAME 1
| #define HAVE_MEMALIGN 1
| #define HAVE_POSIX_MEMALIGN 1
| #define HAVE_SINCOS 1
| #define HAVE_LOG2 1
| #define HAVE_GNU_STRERROR_R 1
| #define Z_LITTLE_ENDIAN 1234
| #define Z_BIG_ENDIAN 4321
| #define Z_BYTE_ORDER 1234
| #define HAVE_DLFCN_H 1
| #define LT_OBJDIR ".libs/"
| #define HAVE_LIBPTHREAD 1
| #define HAVE_TM_GMTOFF 1
| #define HAVE_GLIBC21 1
| #define HAVE_ICONV 1
| #define HAVE_LIBPNG 1
| #define ENABLE_DVB 1
| #define HAVE_S64_U64 1
| /* end confdefs.h.  */
| #include <CoreFoundation/CFPreferences.h>
| int
| main ()
| {
| CFPreferencesCopyAppValue(NULL, NULL)
|   ;
|   return 0;
| }
configure:17716: result: no
configure:17723: checking for CFLocaleCopyCurrent
configure:17741: gcc -o conftest -g -O2   conftest.c -lpthread  -lm  -lpng -lz -Wl,-framework -Wl,CoreFoundation >&5
conftest.c:50:37: fatal error: CoreFoundation/CFLocale.h: No such file or directory
 #include <CoreFoundation/CFLocale.h>
                                     ^
compilation terminated.
configure:17741: $? = 1
configure: failed program was:
| /* confdefs.h */
| #define PACKAGE_NAME "zvbi"
| #define PACKAGE_TARNAME "zvbi"
| #define PACKAGE_VERSION "0.2.35"
| #define PACKAGE_STRING "zvbi 0.2.35"
| #define PACKAGE_BUGREPORT ""
| #define PACKAGE_URL ""
| #define PACKAGE "zvbi"
| #define VERSION "0.2.35"
| #define STDC_HEADERS 1
| #define HAVE_SYS_TYPES_H 1
| #define HAVE_SYS_STAT_H 1
| #define HAVE_STDLIB_H 1
| #define HAVE_STRING_H 1
| #define HAVE_MEMORY_H 1
| #define HAVE_STRINGS_H 1
| #define HAVE_INTTYPES_H 1
| #define HAVE_STDINT_H 1
| #define HAVE_UNISTD_H 1
| #define __EXTENSIONS__ 1
| #define _ALL_SOURCE 1
| #define _GNU_SOURCE 1
| #define _POSIX_PTHREAD_SEMANTICS 1
| #define _TANDEM_SOURCE 1
| #define HAVE_STRNDUP 1
| #define HAVE_ASPRINTF 1
| #define HAVE_VASPRINTF 1
| #define HAVE_GETOPT_LONG 1
| #define HAVE_GETADDRINFO 1
| #define HAVE_CLOCK_SETTIME 1
| #define HAVE_PROGRAM_INVOCATION_NAME 1
| #define HAVE_MEMALIGN 1
| #define HAVE_POSIX_MEMALIGN 1
| #define HAVE_SINCOS 1
| #define HAVE_LOG2 1
| #define HAVE_GNU_STRERROR_R 1
| #define Z_LITTLE_ENDIAN 1234
| #define Z_BIG_ENDIAN 4321
| #define Z_BYTE_ORDER 1234
| #define HAVE_DLFCN_H 1
| #define LT_OBJDIR ".libs/"
| #define HAVE_LIBPTHREAD 1
| #define HAVE_TM_GMTOFF 1
| #define HAVE_GLIBC21 1
| #define HAVE_ICONV 1
| #define HAVE_LIBPNG 1
| #define ENABLE_DVB 1
| #define HAVE_S64_U64 1
| /* end confdefs.h.  */
| #include <CoreFoundation/CFLocale.h>
| int
| main ()
| {
| CFLocaleCopyCurrent();
|   ;
|   return 0;
| }
configure:17750: result: no
configure:18434: checking whether to use NLS
configure:18436: result: no
configure:18768: creating ./config.status

## ---------------------- ##
## Running config.status. ##
## ---------------------- ##

This file was extended by zvbi config.status 0.2.35, which was
generated by GNU Autoconf 2.67.  Invocation command line was

  CONFIG_FILES    = 
  CONFIG_HEADERS  = 
  CONFIG_LINKS    = 
  CONFIG_COMMANDS = 
  $ ./config.status 

on ubuntu

config.status:1223: creating Makefile
config.status:1223: creating contrib/Makefile
config.status:1223: creating examples/Makefile
config.status:1223: creating daemon/Makefile
config.status:1223: creating daemon/zvbid.init
config.status:1223: creating doc/Doxyfile
config.status:1223: creating doc/Makefile
config.status:1223: creating m4/Makefile
config.status:1223: creating src/Makefile
config.status:1223: creating src/dvb/Makefile
config.status:1223: creating test/Makefile
config.status:1223: creating po/Makefile.in
config.status:1223: creating zvbi.spec
config.status:1223: creating zvbi-0.2.pc
config.status:1223: creating config.h
config.status:1444: executing depfiles commands
config.status:1444: executing libtool commands
config.status:1444: executing po-directories commands

## ---------------- ##
## Cache variables. ##
## ---------------- ##

ac_cv_build=x86_64-unknown-linux-gnu
ac_cv_c_bigendian=no
ac_cv_c_compiler_gnu=yes
ac_cv_cxx_compiler_gnu=yes
ac_cv_env_CCC_set=
ac_cv_env_CCC_value=
ac_cv_env_CC_set=
ac_cv_env_CC_value=
ac_cv_env_CFLAGS_set=
ac_cv_env_CFLAGS_value=
ac_cv_env_CPPFLAGS_set=
ac_cv_env_CPPFLAGS_value=
ac_cv_env_CPP_set=
ac_cv_env_CPP_value=
ac_cv_env_CXXCPP_set=
ac_cv_env_CXXCPP_value=
ac_cv_env_CXXFLAGS_set=
ac_cv_env_CXXFLAGS_value=
ac_cv_env_CXX_set=
ac_cv_env_CXX_value=
ac_cv_env_LDFLAGS_set=
ac_cv_env_LDFLAGS_value=
ac_cv_env_LIBS_set=
ac_cv_env_LIBS_value=
ac_cv_env_XMKMF_set=
ac_cv_env_XMKMF_value=
ac_cv_env_build_alias_set=
ac_cv_env_build_alias_value=
ac_cv_env_host_alias_set=
ac_cv_env_host_alias_value=
ac_cv_env_target_alias_set=
ac_cv_env_target_alias_value=
ac_cv_func_asprintf=yes
ac_cv_func_clock_settime=yes
ac_cv_func_connect=yes
ac_cv_func_getaddrinfo=yes
ac_cv_func_gethostbyname=yes
ac_cv_func_getopt_long=yes
ac_cv_func_memalign=yes
ac_cv_func_posix_memalign=yes
ac_cv_func_program_invocation_name=yes
ac_cv_func_remove=yes
ac_cv_func_shmat=yes
ac_cv_func_strlcpy=no
ac_cv_func_strndup=yes
ac_cv_func_vasprintf=yes
ac_cv_have_x='have_x=yes	ac_x_includes='\'''\''	ac_x_libraries='\'''\'''
ac_cv_header_dlfcn_h=yes
ac_cv_header_inttypes_h=yes
ac_cv_header_memory_h=yes
ac_cv_header_minix_config_h=no
ac_cv_header_stdc=yes
ac_cv_header_stdint_h=yes
ac_cv_header_stdlib_h=yes
ac_cv_header_string_h=yes
ac_cv_header_strings_h=yes
ac_cv_header_sys_stat_h=yes
ac_cv_header_sys_types_h=yes
ac_cv_header_unistd_h=yes
ac_cv_host=x86_64-unknown-linux-gnu
ac_cv_lib_ICE_IceConnectionNumber=yes
ac_cv_lib_png_png_destroy_write_struct=yes
ac_cv_lib_pthread_pthread_create=yes
ac_cv_objext=o
ac_cv_path_EGREP='/bin/grep -E'
ac_cv_path_FGREP='/bin/grep -F'
ac_cv_path_GMSGFMT=/usr/bin/msgfmt
ac_cv_path_GREP=/bin/grep
ac_cv_path_MSGFMT=/usr/bin/msgfmt
ac_cv_path_MSGMERGE=/usr/bin/msgmerge
ac_cv_path_SED=/bin/sed
ac_cv_path_XGETTEXT=/usr/bin/xgettext
ac_cv_path_install='/usr/bin/install -c'
ac_cv_prog_AWK=mawk
ac_cv_prog_CPP='gcc -E'
ac_cv_prog_CXXCPP='g++ -E'
ac_cv_prog_ac_ct_AR=ar
ac_cv_prog_ac_ct_CC=gcc
ac_cv_prog_ac_ct_CXX=g++
ac_cv_prog_ac_ct_OBJDUMP=objdump
ac_cv_prog_ac_ct_RANLIB=ranlib
ac_cv_prog_ac_ct_STRIP=strip
ac_cv_prog_cc_c89=
ac_cv_prog_cc_g=yes
ac_cv_prog_cxx_g=yes
ac_cv_prog_make_make_set=yes
ac_cv_safe_to_define___extensions__=yes
acl_cv_hardcode_direct=no
acl_cv_hardcode_libdir_flag_spec='${wl}-rpath ${wl}$libdir'
acl_cv_hardcode_libdir_separator=
acl_cv_hardcode_minus_L=no
acl_cv_libext=a
acl_cv_path_LD='/usr/bin/ld -m elf_x86_64'
acl_cv_prog_gnu_ld=yes
acl_cv_rpath=done
acl_cv_shlibext=so
acl_cv_wl=-Wl,
am_cv_CC_dependencies_compiler_type=gcc3
am_cv_CXX_dependencies_compiler_type=gcc3
am_cv_func_iconv=yes
am_cv_lib_iconv=no
gt_cv_func_CFLocaleCopyCurrent=no
gt_cv_func_CFPreferencesCopyAppValue=no
lt_cv_deplibs_check_method=pass_all
lt_cv_file_magic_cmd='$MAGIC_CMD'
lt_cv_file_magic_test_file=
lt_cv_ld_reload_flag=-r
lt_cv_nm_interface='BSD nm'
lt_cv_objdir=.libs
lt_cv_path_LD=/usr/bin/ld
lt_cv_path_LDCXX='/usr/bin/ld -m elf_x86_64'
lt_cv_path_NM='/usr/bin/nm -B'
lt_cv_prog_compiler_c_o=yes
lt_cv_prog_compiler_c_o_CXX=yes
lt_cv_prog_compiler_pic_works=yes
lt_cv_prog_compiler_pic_works_CXX=yes
lt_cv_prog_compiler_rtti_exceptions=no
lt_cv_prog_compiler_static_works=yes
lt_cv_prog_compiler_static_works_CXX=yes
lt_cv_prog_gnu_ld=yes
lt_cv_prog_gnu_ldcxx=yes
lt_cv_sys_global_symbol_pipe='sed -n -e '\''s/^.*[	 ]\([ABCDGIRSTW][ABCDGIRSTW]*\)[	 ][	 ]*\([_A-Za-z][_A-Za-z0-9]*\)$/\1 \2 \2/p'\'''
lt_cv_sys_global_symbol_to_c_name_address='sed -n -e '\''s/^: \([^ ]*\) $/  {\"\1\", (void *) 0},/p'\'' -e '\''s/^[ABCDGIRSTW]* \([^ ]*\) \([^ ]*\)$/  {"\2", (void *) \&\2},/p'\'''
lt_cv_sys_global_symbol_to_c_name_address_lib_prefix='sed -n -e '\''s/^: \([^ ]*\) $/  {\"\1\", (void *) 0},/p'\'' -e '\''s/^[ABCDGIRSTW]* \([^ ]*\) \(lib[^ ]*\)$/  {"\2", (void *) \&\2},/p'\'' -e '\''s/^[ABCDGIRSTW]* \([^ ]*\) \([^ ]*\)$/  {"lib\2", (void *) \&\2},/p'\'''
lt_cv_sys_global_symbol_to_cdecl='sed -n -e '\''s/^T .* \(.*\)$/extern int \1();/p'\'' -e '\''s/^[ABCDGIRSTW]* .* \(.*\)$/extern char \1;/p'\'''
lt_cv_sys_max_cmd_len=1572864

## ----------------- ##
## Output variables. ##
## ----------------- ##

ACLOCAL='${SHELL} /home/blue/workspace/media_player/jni/zvbi-0.2.35/missing --run aclocal-1.9 -I m4'
AMDEPBACKSLASH='\'
AMDEP_FALSE='#'
AMDEP_TRUE=''
AMTAR='${SHELL} /home/blue/workspace/media_player/jni/zvbi-0.2.35/missing --run tar'
AR='ar'
AUTOCONF='${SHELL} /home/blue/workspace/media_player/jni/zvbi-0.2.35/missing --run autoconf'
AUTOHEADER='${SHELL} /home/blue/workspace/media_player/jni/zvbi-0.2.35/missing --run autoheader'
AUTOMAKE='${SHELL} /home/blue/workspace/media_player/jni/zvbi-0.2.35/missing --run automake-1.9'
AWK='mawk'
BUILD_STATIC_LIB_FALSE=''
BUILD_STATIC_LIB_TRUE='#'
CC='gcc'
CCDEPMODE='depmode=gcc3'
CFLAGS='-g -O2'
CPP='gcc -E'
CPPFLAGS=''
CXX='g++'
CXXCPP='g++ -E'
CXXDEPMODE='depmode=gcc3'
CXXFLAGS='-g -O2'
CYGPATH_W='echo'
DEFS='-DHAVE_CONFIG_H'
DEPDIR='.deps'
DSYMUTIL=''
DUMPBIN=''
ECHO_C=''
ECHO_N='-n'
ECHO_T=''
EGREP='/bin/grep -E'
ENABLE_DVB_FALSE='#'
ENABLE_DVB_TRUE=''
ENABLE_PROXY_FALSE=''
ENABLE_PROXY_TRUE='#'
EXEEXT=''
FGREP='/bin/grep -F'
GMSGFMT='/usr/bin/msgfmt'
GMSGFMT_015='/usr/bin/msgfmt'
GREP='/bin/grep'
HAVE_DOXYGEN='no'
HAVE_DOXYGEN_FALSE=''
HAVE_DOXYGEN_TRUE='#'
HAVE_GCC_C89_SUPPORT_FALSE='#'
HAVE_GCC_C89_SUPPORT_TRUE=''
HAVE_GCC_C94_SUPPORT_FALSE='#'
HAVE_GCC_C94_SUPPORT_TRUE=''
HAVE_GCC_C99_SUPPORT_FALSE='#'
HAVE_GCC_C99_SUPPORT_TRUE=''
HAVE_GCC_LIMITS_FALSE='#'
HAVE_GCC_LIMITS_TRUE=''
HAVE_GXX_CXX98_SUPPORT_FALSE='#'
HAVE_GXX_CXX98_SUPPORT_TRUE=''
HAVE_X_FALSE='#'
HAVE_X_TRUE=''
INSIDE_GNOME_COMMON_FALSE=''
INSIDE_GNOME_COMMON_TRUE='#'
INSTALL_DATA='${INSTALL} -m 644'
INSTALL_PROGRAM='${INSTALL}'
INSTALL_SCRIPT='${INSTALL}'
INSTALL_STRIP_PROGRAM='${SHELL} $(install_sh) -c -s'
INTLLIBS=''
INTL_MACOSX_LIBS=''
LD='/usr/bin/ld -m elf_x86_64'
LDFLAGS=''
LIBICONV=''
LIBINTL=''
LIBOBJS=''
LIBS=' -lpthread  -lm  -lpng -lz'
LIBTOOL='$(SHELL) $(top_builddir)/libtool'
LIBZVBI_SO_VERSION='13:2:13'
LIPO=''
LN_S='ln -s'
LTLIBICONV=''
LTLIBINTL=''
LTLIBOBJS=''
MAINT='#'
MAINTAINER_MODE_FALSE=''
MAINTAINER_MODE_TRUE='#'
MAKEINFO='${SHELL} /home/blue/workspace/media_player/jni/zvbi-0.2.35/missing --run makeinfo'
MSGFMT='/usr/bin/msgfmt'
MSGFMT_015='/usr/bin/msgfmt'
MSGMERGE='/usr/bin/msgmerge'
NM='/usr/bin/nm -B'
NMEDIT=''
OBJDUMP='objdump'
OBJEXT='o'
OTOOL64=''
OTOOL=''
PACKAGE='zvbi'
PACKAGE_BUGREPORT=''
PACKAGE_NAME='zvbi'
PACKAGE_STRING='zvbi 0.2.35'
PACKAGE_TARNAME='zvbi'
PACKAGE_URL=''
PACKAGE_VERSION='0.2.35'
PATH_SEPARATOR=':'
POSUB=''
RANLIB='ranlib'
SED='/bin/sed'
SET_MAKE=''
SHELL='/bin/bash'
STRIP='strip'
UNICODE_CFLAGS=''
UNICODE_LIBS=''
USE_NLS='no'
VERSION='0.2.35'
XGETTEXT='/usr/bin/xgettext'
XGETTEXT_015='/usr/bin/xgettext'
XMKMF=''
X_CFLAGS=''
X_EXTRA_LIBS=''
X_LIBS=' -lX11'
X_PRE_LIBS=' -lSM -lICE'
ac_ct_CC='gcc'
ac_ct_CXX='g++'
ac_ct_DUMPBIN=''
am__fastdepCC_FALSE='#'
am__fastdepCC_TRUE=''
am__fastdepCXX_FALSE='#'
am__fastdepCXX_TRUE=''
am__include='include'
am__leading_dot='.'
am__quote=''
am__tar='${AMTAR} chof - "$$tardir"'
am__untar='${AMTAR} xf -'
bindir='${exec_prefix}/bin'
build='x86_64-unknown-linux-gnu'
build_alias=''
build_cpu='x86_64'
build_os='linux-gnu'
build_vendor='unknown'
datadir='${datarootdir}'
datarootdir='${prefix}/share'
docdir='${datarootdir}/doc/${PACKAGE_TARNAME}'
dvidir='${docdir}'
exec_prefix='${prefix}'
host='x86_64-unknown-linux-gnu'
host_alias=''
host_cpu='x86_64'
host_os='linux-gnu'
host_vendor='unknown'
htmldir='${docdir}'
includedir='${prefix}/include'
infodir='${datarootdir}/info'
install_sh='/home/blue/workspace/media_player/jni/zvbi-0.2.35/install-sh'
libdir='${exec_prefix}/lib'
libexecdir='${exec_prefix}/libexec'
localedir='${datarootdir}/locale'
localstatedir='${prefix}/var'
lt_ECHO='echo'
mandir='${datarootdir}/man'
mkdir_p='mkdir -p --'
oldincludedir='/usr/include'
pdfdir='${docdir}'
prefix='/usr/local'
program_transform_name='s,x,x,'
psdir='${docdir}'
sbindir='${exec_prefix}/sbin'
sharedstatedir='${prefix}/com'
sysconfdir='${prefix}/etc'
target_alias=''

## ----------- ##
## confdefs.h. ##
## ----------- ##

/* confdefs.h */
#define PACKAGE_NAME "zvbi"
#define PACKAGE_TARNAME "zvbi"
#define PACKAGE_VERSION "0.2.35"
#define PACKAGE_STRING "zvbi 0.2.35"
#define PACKAGE_BUGREPORT ""
#define PACKAGE_URL ""
#define PACKAGE "zvbi"
#define VERSION "0.2.35"
#define STDC_HEADERS 1
#define HAVE_SYS_TYPES_H 1
#define HAVE_SYS_STAT_H 1
#define HAVE_STDLIB_H 1
#define HAVE_STRING_H 1
#define HAVE_MEMORY_H 1
#define HAVE_STRINGS_H 1
#define HAVE_INTTYPES_H 1
#define HAVE_STDINT_H 1
#define HAVE_UNISTD_H 1
#define __EXTENSIONS__ 1
#define _ALL_SOURCE 1
#define _GNU_SOURCE 1
#define _POSIX_PTHREAD_SEMANTICS 1
#define _TANDEM_SOURCE 1
#define HAVE_STRNDUP 1
#define HAVE_ASPRINTF 1
#define HAVE_VASPRINTF 1
#define HAVE_GETOPT_LONG 1
#define HAVE_GETADDRINFO 1
#define HAVE_CLOCK_SETTIME 1
#define HAVE_PROGRAM_INVOCATION_NAME 1
#define HAVE_MEMALIGN 1
#define HAVE_POSIX_MEMALIGN 1
#define HAVE_SINCOS 1
#define HAVE_LOG2 1
#define HAVE_GNU_STRERROR_R 1
#define Z_LITTLE_ENDIAN 1234
#define Z_BIG_ENDIAN 4321
#define Z_BYTE_ORDER 1234
#define HAVE_DLFCN_H 1
#define LT_OBJDIR ".libs/"
#define HAVE_LIBPTHREAD 1
#define HAVE_TM_GMTOFF 1
#define HAVE_GLIBC21 1
#define HAVE_ICONV 1
#define HAVE_LIBPNG 1
#define ENABLE_DVB 1
#define HAVE_S64_U64 1
#define PACKAGE_LOCALE_DIR "/usr/local/share/locale"

configure: exit 0
