This file contains any messages produced by compilers while
running configure, to aid debugging if configure makes a mistake.

It was created by libmodplug configure 0.8.8.5, which was
generated by GNU Autoconf 2.69.  Invocation command line was

  $ ./configure 

## --------- ##
## Platform. ##
## --------- ##

hostname = ubuntu
uname -m = x86_64
uname -r = 3.13.0-35-generic
uname -s = Linux
uname -v = #62-Ubuntu SMP Fri Aug 15 01:58:42 UTC 2014

/usr/bin/uname -p = unknown
/bin/uname -X     = unknown

/bin/arch              = unknown
/usr/bin/arch -k       = unknown
/usr/convex/getsysinfo = unknown
/usr/bin/hostinfo      = unknown
/bin/machine           = unknown
/usr/bin/oslevel       = unknown
/bin/universe          = unknown

PATH: /home/blue/sdk/platform-tools
PATH: /home/blue/bin
PATH: /usr/local/sbin
PATH: /usr/local/bin
PATH: /usr/sbin
PATH: /usr/bin
PATH: /sbin
PATH: /bin
PATH: /usr/games
PATH: /usr/local/games


## ----------- ##
## Core tests. ##
## ----------- ##

configure:2578: checking for a BSD-compatible install
configure:2646: result: /usr/bin/install -c
configure:2657: checking whether build environment is sane
configure:2712: result: yes
configure:2863: checking for a thread-safe mkdir -p
configure:2902: result: /bin/mkdir -p
configure:2909: checking for gawk
configure:2939: result: no
configure:2909: checking for mawk
configure:2925: found /usr/bin/mawk
configure:2936: result: mawk
configure:2947: checking whether make sets $(MAKE)
configure:2969: result: yes
configure:2998: checking whether make supports nested variables
configure:3015: result: yes
configure:3151: checking whether make supports nested variables
configure:3168: result: yes
configure:3183: checking whether to enable maintainer-specific portions of Makefiles
configure:3192: result: yes
configure:3313: checking for gcc
configure:3329: found /usr/bin/gcc
configure:3340: result: gcc
configure:3569: checking for C compiler version
configure:3578: gcc --version >&5
gcc (Ubuntu 4.8.2-19ubuntu1) 4.8.2
Copyright (C) 2013 Free Software Foundation, Inc.
This is free software; see the source for copying conditions.  There is NO
warranty; not even for MERCHANTABILITY or FITNESS FOR A PARTICULAR PURPOSE.

configure:3589: $? = 0
configure:3578: gcc -v >&5
Using built-in specs.
COLLECT_GCC=gcc
COLLECT_LTO_WRAPPER=/usr/lib/gcc/x86_64-linux-gnu/4.8/lto-wrapper
Target: x86_64-linux-gnu
Configured with: ../src/configure -v --with-pkgversion='Ubuntu 4.8.2-19ubuntu1' --with-bugurl=file:///usr/share/doc/gcc-4.8/README.Bugs --enable-languages=c,c++,java,go,d,fortran,objc,obj-c++ --prefix=/usr --program-suffix=-4.8 --enable-shared --enable-linker-build-id --libexecdir=/usr/lib --without-included-gettext --enable-threads=posix --with-gxx-include-dir=/usr/include/c++/4.8 --libdir=/usr/lib --enable-nls --with-sysroot=/ --enable-clocale=gnu --enable-libstdcxx-debug --enable-libstdcxx-time=yes --enable-gnu-unique-object --disable-libmudflap --enable-plugin --with-system-zlib --disable-browser-plugin --enable-java-awt=gtk --enable-gtk-cairo --with-java-home=/usr/lib/jvm/java-1.5.0-gcj-4.8-amd64/jre --enable-java-home --with-jvm-root-dir=/usr/lib/jvm/java-1.5.0-gcj-4.8-amd64 --with-jvm-jar-dir=/usr/lib/jvm-exports/java-1.5.0-gcj-4.8-amd64 --with-arch-directory=amd64 --with-ecj-jar=/usr/share/java/eclipse-ecj.jar --enable-objc-gc --enable-multiarch --disable-werror --with-arch-32=i686 --with-abi=m64 --with-multilib-list=m32,m64,mx32 --with-tune=generic --enable-checking=release --build=x86_64-linux-gnu --host=x86_64-linux-gnu --target=x86_64-linux-gnu
Thread model: posix
gcc version 4.8.2 (Ubuntu 4.8.2-19ubuntu1) 
configure:3589: $? = 0
configure:3578: gcc -V >&5
gcc: error: unrecognized command line option '-V'
gcc: fatal error: no input files
compilation terminated.
configure:3589: $? = 4
configure:3578: gcc -qversion >&5
gcc: error: unrecognized command line option '-qversion'
gcc: fatal error: no input files
compilation terminated.
configure:3589: $? = 4
configure:3609: checking whether the C compiler works
configure:3631: gcc    conftest.c  >&5
configure:3635: $? = 0
configure:3683: result: yes
configure:3686: checking for C compiler default output file name
configure:3688: result: a.out
configure:3694: checking for suffix of executables
configure:3701: gcc -o conftest    conftest.c  >&5
configure:3705: $? = 0
configure:3727: result: 
configure:3749: checking whether we are cross compiling
configure:3757: gcc -o conftest    conftest.c  >&5
configure:3761: $? = 0
configure:3768: ./conftest
configure:3772: $? = 0
configure:3787: result: no
configure:3792: checking for suffix of object files
configure:3814: gcc -c   conftest.c >&5
configure:3818: $? = 0
configure:3839: result: o
configure:3843: checking whether we are using the GNU C compiler
configure:3862: gcc -c   conftest.c >&5
configure:3862: $? = 0
configure:3871: result: yes
configure:3880: checking whether gcc accepts -g
configure:3900: gcc -c -g  conftest.c >&5
configure:3900: $? = 0
configure:3941: result: yes
configure:3958: checking for gcc option to accept ISO C89
configure:4021: gcc  -c -g -O2  conftest.c >&5
configure:4021: $? = 0
configure:4034: result: none needed
configure:4059: checking whether gcc understands -c and -o together
configure:4081: gcc -c conftest.c -o conftest2.o
configure:4084: $? = 0
configure:4081: gcc -c conftest.c -o conftest2.o
configure:4084: $? = 0
configure:4096: result: yes
configure:4124: checking for style of include used by make
configure:4152: result: GNU
configure:4178: checking dependency style of gcc
configure:4289: result: gcc3
configure:4362: checking for g++
configure:4378: found /usr/bin/g++
configure:4389: result: g++
configure:4416: checking for C++ compiler version
configure:4425: g++ --version >&5
g++ (Ubuntu 4.8.2-19ubuntu1) 4.8.2
Copyright (C) 2013 Free Software Foundation, Inc.
This is free software; see the source for copying conditions.  There is NO
warranty; not even for MERCHANTABILITY or FITNESS FOR A PARTICULAR PURPOSE.

configure:4436: $? = 0
configure:4425: g++ -v >&5
Using built-in specs.
COLLECT_GCC=g++
COLLECT_LTO_WRAPPER=/usr/lib/gcc/x86_64-linux-gnu/4.8/lto-wrapper
Target: x86_64-linux-gnu
Configured with: ../src/configure -v --with-pkgversion='Ubuntu 4.8.2-19ubuntu1' --with-bugurl=file:///usr/share/doc/gcc-4.8/README.Bugs --enable-languages=c,c++,java,go,d,fortran,objc,obj-c++ --prefix=/usr --program-suffix=-4.8 --enable-shared --enable-linker-build-id --libexecdir=/usr/lib --without-included-gettext --enable-threads=posix --with-gxx-include-dir=/usr/include/c++/4.8 --libdir=/usr/lib --enable-nls --with-sysroot=/ --enable-clocale=gnu --enable-libstdcxx-debug --enable-libstdcxx-time=yes --enable-gnu-unique-object --disable-libmudflap --enable-plugin --with-system-zlib --disable-browser-plugin --enable-java-awt=gtk --enable-gtk-cairo --with-java-home=/usr/lib/jvm/java-1.5.0-gcj-4.8-amd64/jre --enable-java-home --with-jvm-root-dir=/usr/lib/jvm/java-1.5.0-gcj-4.8-amd64 --with-jvm-jar-dir=/usr/lib/jvm-exports/java-1.5.0-gcj-4.8-amd64 --with-arch-directory=amd64 --with-ecj-jar=/usr/share/java/eclipse-ecj.jar --enable-objc-gc --enable-multiarch --disable-werror --with-arch-32=i686 --with-abi=m64 --with-multilib-list=m32,m64,mx32 --with-tune=generic --enable-checking=release --build=x86_64-linux-gnu --host=x86_64-linux-gnu --target=x86_64-linux-gnu
Thread model: posix
gcc version 4.8.2 (Ubuntu 4.8.2-19ubuntu1) 
configure:4436: $? = 0
configure:4425: g++ -V >&5
g++: error: unrecognized command line option '-V'
g++: fatal error: no input files
compilation terminated.
configure:4436: $? = 4
configure:4425: g++ -qversion >&5
g++: error: unrecognized command line option '-qversion'
g++: fatal error: no input files
compilation terminated.
configure:4436: $? = 4
configure:4440: checking whether we are using the GNU C++ compiler
configure:4459: g++ -c   conftest.cpp >&5
configure:4459: $? = 0
configure:4468: result: yes
configure:4477: checking whether g++ accepts -g
configure:4497: g++ -c -g  conftest.cpp >&5
configure:4497: $? = 0
configure:4538: result: yes
configure:4563: checking dependency style of g++
configure:4674: result: gcc3
configure:4701: checking how to run the C++ preprocessor
configure:4728: g++ -E  conftest.cpp
configure:4728: $? = 0
configure:4742: g++ -E  conftest.cpp
conftest.cpp:11:28: fatal error: ac_nonexistent.h: No such file or directory
 #include <ac_nonexistent.h>
                            ^
compilation terminated.
configure:4742: $? = 1
configure: failed program was:
| /* confdefs.h */
| #define PACKAGE_NAME "libmodplug"
| #define PACKAGE_TARNAME "libmodplug"
| #define PACKAGE_VERSION "0.8.8.5"
| #define PACKAGE_STRING "libmodplug 0.8.8.5"
| #define PACKAGE_BUGREPORT ""
| #define PACKAGE_URL ""
| #define PACKAGE "libmodplug"
| #define VERSION "0.8.8.5"
| /* end confdefs.h.  */
| #include <ac_nonexistent.h>
configure:4767: result: g++ -E
configure:4787: g++ -E  conftest.cpp
configure:4787: $? = 0
configure:4801: g++ -E  conftest.cpp
conftest.cpp:11:28: fatal error: ac_nonexistent.h: No such file or directory
 #include <ac_nonexistent.h>
                            ^
compilation terminated.
configure:4801: $? = 1
configure: failed program was:
| /* confdefs.h */
| #define PACKAGE_NAME "libmodplug"
| #define PACKAGE_TARNAME "libmodplug"
| #define PACKAGE_VERSION "0.8.8.5"
| #define PACKAGE_STRING "libmodplug 0.8.8.5"
| #define PACKAGE_BUGREPORT ""
| #define PACKAGE_URL ""
| #define PACKAGE "libmodplug"
| #define VERSION "0.8.8.5"
| /* end confdefs.h.  */
| #include <ac_nonexistent.h>
configure:4830: checking for grep that handles long lines and -e
configure:4888: result: /bin/grep
configure:4893: checking for egrep
configure:4955: result: /bin/grep -E
configure:4960: checking for ANSI C header files
configure:4980: g++ -c -g -O2  conftest.cpp >&5
configure:4980: $? = 0
configure:5053: g++ -o conftest -g -O2   conftest.cpp  >&5
configure:5053: $? = 0
configure:5053: ./conftest
configure:5053: $? = 0
configure:5064: result: yes
configure:5077: checking for sys/types.h
configure:5077: g++ -c -g -O2  conftest.cpp >&5
configure:5077: $? = 0
configure:5077: result: yes
configure:5077: checking for sys/stat.h
configure:5077: g++ -c -g -O2  conftest.cpp >&5
configure:5077: $? = 0
configure:5077: result: yes
configure:5077: checking for stdlib.h
configure:5077: g++ -c -g -O2  conftest.cpp >&5
configure:5077: $? = 0
configure:5077: result: yes
configure:5077: checking for string.h
configure:5077: g++ -c -g -O2  conftest.cpp >&5
configure:5077: $? = 0
configure:5077: result: yes
configure:5077: checking for memory.h
configure:5077: g++ -c -g -O2  conftest.cpp >&5
configure:5077: $? = 0
configure:5077: result: yes
configure:5077: checking for strings.h
configure:5077: g++ -c -g -O2  conftest.cpp >&5
configure:5077: $? = 0
configure:5077: result: yes
configure:5077: checking for inttypes.h
configure:5077: g++ -c -g -O2  conftest.cpp >&5
configure:5077: $? = 0
configure:5077: result: yes
configure:5077: checking for stdint.h
configure:5077: g++ -c -g -O2  conftest.cpp >&5
configure:5077: $? = 0
configure:5077: result: yes
configure:5077: checking for unistd.h
configure:5077: g++ -c -g -O2  conftest.cpp >&5
configure:5077: $? = 0
configure:5077: result: yes
configure:5089: checking whether byte ordering is bigendian
configure:5104: g++ -c -g -O2  conftest.cpp >&5
conftest.cpp:22:9: error: expected unqualified-id before 'not' token
         not a universal capable compiler
         ^
configure:5104: $? = 1
configure: failed program was:
| /* confdefs.h */
| #define PACKAGE_NAME "libmodplug"
| #define PACKAGE_TARNAME "libmodplug"
| #define PACKAGE_VERSION "0.8.8.5"
| #define PACKAGE_STRING "libmodplug 0.8.8.5"
| #define PACKAGE_BUGREPORT ""
| #define PACKAGE_URL ""
| #define PACKAGE "libmodplug"
| #define VERSION "0.8.8.5"
| #define STDC_HEADERS 1
| #define HAVE_SYS_TYPES_H 1
| #define HAVE_SYS_STAT_H 1
| #define HAVE_STDLIB_H 1
| #define HAVE_STRING_H 1
| #define HAVE_MEMORY_H 1
| #define HAVE_STRINGS_H 1
| #define HAVE_INTTYPES_H 1
| #define HAVE_STDINT_H 1
| #define HAVE_UNISTD_H 1
| /* end confdefs.h.  */
| #ifndef __APPLE_CC__
| 	       not a universal capable compiler
| 	     #endif
| 	     typedef int dummy;
| 
configure:5149: g++ -c -g -O2  conftest.cpp >&5
configure:5149: $? = 0
configure:5167: g++ -c -g -O2  conftest.cpp >&5
conftest.cpp: In function 'int main()':
conftest.cpp:28:8: error: 'big' was not declared in this scope
    not big endian
        ^
conftest.cpp:28:12: error: expected ';' before 'endian'
    not big endian
            ^
configure:5167: $? = 1
configure: failed program was:
| /* confdefs.h */
| #define PACKAGE_NAME "libmodplug"
| #define PACKAGE_TARNAME "libmodplug"
| #define PACKAGE_VERSION "0.8.8.5"
| #define PACKAGE_STRING "libmodplug 0.8.8.5"
| #define PACKAGE_BUGREPORT ""
| #define PACKAGE_URL ""
| #define PACKAGE "libmodplug"
| #define VERSION "0.8.8.5"
| #define STDC_HEADERS 1
| #define HAVE_SYS_TYPES_H 1
| #define HAVE_SYS_STAT_H 1
| #define HAVE_STDLIB_H 1
| #define HAVE_STRING_H 1
| #define HAVE_MEMORY_H 1
| #define HAVE_STRINGS_H 1
| #define HAVE_INTTYPES_H 1
| #define HAVE_STDINT_H 1
| #define HAVE_UNISTD_H 1
| /* end confdefs.h.  */
| #include <sys/types.h>
| 		#include <sys/param.h>
| 
| int
| main ()
| {
| #if BYTE_ORDER != BIG_ENDIAN
| 		 not big endian
| 		#endif
| 
|   ;
|   return 0;
| }
configure:5295: result: no
configure:5345: checking build system type
configure:5359: result: x86_64-unknown-linux-gnu
configure:5379: checking host system type
configure:5392: result: x86_64-unknown-linux-gnu
configure:5433: checking how to print strings
configure:5460: result: printf
configure:5481: checking for a sed that does not truncate output
configure:5545: result: /bin/sed
configure:5563: checking for fgrep
configure:5625: result: /bin/grep -F
configure:5660: checking for ld used by gcc
configure:5727: result: /usr/bin/ld
configure:5734: checking if the linker (/usr/bin/ld) is GNU ld
configure:5749: result: yes
configure:5761: checking for BSD- or MS-compatible name lister (nm)
configure:5810: result: /usr/bin/nm -B
configure:5940: checking the name lister (/usr/bin/nm -B) interface
configure:5947: g++ -c -g -O2  conftest.cpp >&5
configure:5950: /usr/bin/nm -B "conftest.o"
configure:5953: output
0000000000000000 B some_variable
configure:5960: result: BSD nm
configure:5963: checking whether ln -s works
configure:5967: result: yes
configure:5975: checking the maximum length of command line arguments
configure:6106: result: 1572864
configure:6123: checking whether the shell understands some XSI constructs
configure:6133: result: yes
configure:6137: checking whether the shell understands "+="
configure:6143: result: yes
configure:6178: checking how to convert x86_64-unknown-linux-gnu file names to x86_64-unknown-linux-gnu format
configure:6218: result: func_convert_file_noop
configure:6225: checking how to convert x86_64-unknown-linux-gnu file names to toolchain format
configure:6245: result: func_convert_file_noop
configure:6252: checking for /usr/bin/ld option to reload object files
configure:6259: result: -r
configure:6333: checking for objdump
configure:6349: found /usr/bin/objdump
configure:6360: result: objdump
configure:6389: checking how to recognize dependent libraries
configure:6587: result: pass_all
configure:6672: checking for dlltool
configure:6702: result: no
configure:6729: checking how to associate runtime and link libraries
configure:6756: result: printf %s\n
configure:6816: checking for ar
configure:6832: found /usr/bin/ar
configure:6843: result: ar
configure:6880: checking for archiver @FILE support
configure:6897: g++ -c -g -O2  conftest.cpp >&5
configure:6897: $? = 0
configure:6900: ar cru libconftest.a @conftest.lst >&5
configure:6903: $? = 0
configure:6908: ar cru libconftest.a @conftest.lst >&5
ar: conftest.o: No such file or directory
configure:6911: $? = 1
configure:6923: result: @
configure:6981: checking for strip
configure:6997: found /usr/bin/strip
configure:7008: result: strip
configure:7080: checking for ranlib
configure:7096: found /usr/bin/ranlib
configure:7107: result: ranlib
configure:7209: checking command to parse /usr/bin/nm -B output from gcc object
configure:7329: g++ -c -g -O2  conftest.cpp >&5
configure:7332: $? = 0
configure:7336: /usr/bin/nm -B conftest.o \| sed -n -e 's/^.*[ ]\([ABCDGIRSTW][ABCDGIRSTW]*\)[ ][ ]*\([_A-Za-z][_A-Za-z0-9]*\)$/\1 \2 \2/p' | sed '/ __gnu_lto/d' \> conftest.nm
configure:7339: $? = 0
configure:7405: g++ -o conftest -g -O2   conftest.cpp conftstm.o >&5
configure:7408: $? = 0
configure:7446: result: ok
configure:7483: checking for sysroot
configure:7513: result: no
configure:7591: g++ -c -g -O2  conftest.cpp >&5
configure:7594: $? = 0
configure:7783: checking for mt
configure:7799: found /bin/mt
configure:7810: result: mt
configure:7833: checking if mt is a manifest tool
configure:7839: mt '-?'
configure:7847: result: no
configure:8486: checking for dlfcn.h
configure:8486: g++ -c -g -O2  conftest.cpp >&5
configure:8486: $? = 0
configure:8486: result: yes
configure:8970: checking for objdir
configure:8985: result: .libs
configure:9256: checking if gcc supports -fno-rtti -fno-exceptions
configure:9274: gcc -c -g -O2  -fno-rtti -fno-exceptions conftest.c >&5
cc1: warning: command line option '-fno-rtti' is valid for C++/ObjC++ but not for C [enabled by default]
configure:9278: $? = 0
configure:9291: result: no
configure:9618: checking for gcc option to produce PIC
configure:9625: result: -fPIC -DPIC
configure:9633: checking if gcc PIC flag -fPIC -DPIC works
configure:9651: gcc -c -g -O2  -fPIC -DPIC -DPIC conftest.c >&5
configure:9655: $? = 0
configure:9668: result: yes
configure:9697: checking if gcc static flag -static works
configure:9725: result: yes
configure:9740: checking if gcc supports -c -o file.o
configure:9761: gcc -c -g -O2  -o out/conftest2.o conftest.c >&5
configure:9765: $? = 0
configure:9787: result: yes
configure:9795: checking if gcc supports -c -o file.o
configure:9842: result: yes
configure:9875: checking whether the gcc linker (/usr/bin/ld -m elf_x86_64) supports shared libraries
configure:11032: result: yes
configure:11069: checking whether -lc should be explicitly linked in
configure:11077: gcc -c -g -O2  conftest.c >&5
configure:11080: $? = 0
configure:11095: gcc -shared  -fPIC -DPIC conftest.o  -v -Wl,-soname -Wl,conftest -o conftest 2\>\&1 \| /bin/grep  -lc  \>/dev/null 2\>\&1
configure:11098: $? = 0
configure:11112: result: no
configure:11272: checking dynamic linker characteristics
configure:11772: gcc -o conftest -g -O2   -Wl,-rpath -Wl,/foo conftest.c  >&5
configure:11772: $? = 0
configure:12006: result: GNU/Linux ld.so
configure:12113: checking how to hardcode library paths into programs
configure:12138: result: immediate
configure:12678: checking whether stripping libraries is possible
configure:12683: result: yes
configure:12718: checking if libtool supports shared libraries
configure:12720: result: yes
configure:12723: checking whether to build shared libraries
configure:12744: result: yes
configure:12747: checking whether to build static libraries
configure:12751: result: no
configure:12774: checking how to run the C++ preprocessor
configure:12840: result: g++ -E
configure:12860: g++ -E  conftest.cpp
configure:12860: $? = 0
configure:12874: g++ -E  conftest.cpp
conftest.cpp:23:28: fatal error: ac_nonexistent.h: No such file or directory
 #include <ac_nonexistent.h>
                            ^
compilation terminated.
configure:12874: $? = 1
configure: failed program was:
| /* confdefs.h */
| #define PACKAGE_NAME "libmodplug"
| #define PACKAGE_TARNAME "libmodplug"
| #define PACKAGE_VERSION "0.8.8.5"
| #define PACKAGE_STRING "libmodplug 0.8.8.5"
| #define PACKAGE_BUGREPORT ""
| #define PACKAGE_URL ""
| #define PACKAGE "libmodplug"
| #define VERSION "0.8.8.5"
| #define STDC_HEADERS 1
| #define HAVE_SYS_TYPES_H 1
| #define HAVE_SYS_STAT_H 1
| #define HAVE_STDLIB_H 1
| #define HAVE_STRING_H 1
| #define HAVE_MEMORY_H 1
| #define HAVE_STRINGS_H 1
| #define HAVE_INTTYPES_H 1
| #define HAVE_STDINT_H 1
| #define HAVE_UNISTD_H 1
| #define HAVE_DLFCN_H 1
| #define LT_OBJDIR ".libs/"
| /* end confdefs.h.  */
| #include <ac_nonexistent.h>
configure:13043: checking for ld used by g++
configure:13110: result: /usr/bin/ld -m elf_x86_64
configure:13117: checking if the linker (/usr/bin/ld -m elf_x86_64) is GNU ld
configure:13132: result: yes
configure:13187: checking whether the g++ linker (/usr/bin/ld -m elf_x86_64) supports shared libraries
configure:14189: result: yes
configure:14225: g++ -c -g -O2  conftest.cpp >&5
configure:14228: $? = 0
configure:14748: checking for g++ option to produce PIC
configure:14755: result: -fPIC -DPIC
configure:14763: checking if g++ PIC flag -fPIC -DPIC works
configure:14781: g++ -c -g -O2  -fPIC -DPIC -DPIC conftest.cpp >&5
configure:14785: $? = 0
configure:14798: result: yes
configure:14821: checking if g++ static flag -static works
configure:14849: result: yes
configure:14861: checking if g++ supports -c -o file.o
configure:14882: g++ -c -g -O2  -o out/conftest2.o conftest.cpp >&5
configure:14886: $? = 0
configure:14908: result: yes
configure:14913: checking if g++ supports -c -o file.o
configure:14960: result: yes
configure:14990: checking whether the g++ linker (/usr/bin/ld -m elf_x86_64) supports shared libraries
configure:15029: result: yes
configure:15170: checking dynamic linker characteristics
configure:15838: result: GNU/Linux ld.so
configure:15891: checking how to hardcode library paths into programs
configure:15916: result: immediate
configure:15978: checking for ANSI C header files
configure:16082: result: yes
configure:16093: checking for inttypes.h
configure:16093: result: yes
configure:16093: checking for stdint.h
configure:16093: result: yes
configure:16093: checking malloc.h usability
configure:16093: g++ -c -g -O2  conftest.cpp >&5
configure:16093: $? = 0
configure:16093: result: yes
configure:16093: checking malloc.h presence
configure:16093: g++ -E  conftest.cpp
configure:16093: $? = 0
configure:16093: result: yes
configure:16093: checking for malloc.h
configure:16093: result: yes
configure:16106: checking for setenv
configure:16106: g++ -o conftest -g -O2   conftest.cpp  >&5
configure:16106: $? = 0
configure:16106: result: yes
configure:16106: checking for sinf
configure:16106: g++ -o conftest -g -O2   conftest.cpp  >&5
configure:16106: $? = 0
configure:16106: result: yes
configure:16139: checking if compiler supports visibility attributes
configure:16156: g++ -c -g -O2 -fno-exceptions -Wall -ffast-math -fno-common -D_REENTRANT -fvisibility=hidden -Werror  conftest.cpp >&5
configure:16156: $? = 0
configure:16164: result: yes
configure:16190: checking for int8_t
configure:16190: g++ -c -g -O2 -fno-exceptions -Wall -ffast-math -fno-common -D_REENTRANT -DSYM_VISIBILITY -fvisibility=hidden  conftest.cpp >&5
configure:16190: $? = 0
configure:16190: g++ -c -g -O2 -fno-exceptions -Wall -ffast-math -fno-common -D_REENTRANT -DSYM_VISIBILITY -fvisibility=hidden  conftest.cpp >&5
conftest.cpp: In function 'int main()':
conftest.cpp:67:56: error: size of array 'test_array' is negative
    < (int8_t) (((((int8_t) 1 << N) << N) - 1) * 2 + 2))];
                                                        ^
configure:16190: $? = 1
configure: failed program was:
| /* confdefs.h */
| #define PACKAGE_NAME "libmodplug"
| #define PACKAGE_TARNAME "libmodplug"
| #define PACKAGE_VERSION "0.8.8.5"
| #define PACKAGE_STRING "libmodplug 0.8.8.5"
| #define PACKAGE_BUGREPORT ""
| #define PACKAGE_URL ""
| #define PACKAGE "libmodplug"
| #define VERSION "0.8.8.5"
| #define STDC_HEADERS 1
| #define HAVE_SYS_TYPES_H 1
| #define HAVE_SYS_STAT_H 1
| #define HAVE_STDLIB_H 1
| #define HAVE_STRING_H 1
| #define HAVE_MEMORY_H 1
| #define HAVE_STRINGS_H 1
| #define HAVE_INTTYPES_H 1
| #define HAVE_STDINT_H 1
| #define HAVE_UNISTD_H 1
| #define HAVE_DLFCN_H 1
| #define LT_OBJDIR ".libs/"
| #define STDC_HEADERS 1
| #define HAVE_INTTYPES_H 1
| #define HAVE_STDINT_H 1
| #define HAVE_MALLOC_H 1
| #define HAVE_SETENV 1
| #define HAVE_SINF 1
| /* end confdefs.h.  */
| #include <stdio.h>
| #ifdef HAVE_SYS_TYPES_H
| # include <sys/types.h>
| #endif
| #ifdef HAVE_SYS_STAT_H
| # include <sys/stat.h>
| #endif
| #ifdef STDC_HEADERS
| # include <stdlib.h>
| # include <stddef.h>
| #else
| # ifdef HAVE_STDLIB_H
| #  include <stdlib.h>
| # endif
| #endif
| #ifdef HAVE_STRING_H
| # if !defined STDC_HEADERS && defined HAVE_MEMORY_H
| #  include <memory.h>
| # endif
| # include <string.h>
| #endif
| #ifdef HAVE_STRINGS_H
| # include <strings.h>
| #endif
| #ifdef HAVE_INTTYPES_H
| # include <inttypes.h>
| #endif
| #ifdef HAVE_STDINT_H
| # include <stdint.h>
| #endif
| #ifdef HAVE_UNISTD_H
| # include <unistd.h>
| #endif
| 	        enum { N = 8 / 2 - 1 };
| int
| main ()
| {
| static int test_array [1 - 2 * !((int8_t) (((((int8_t) 1 << N) << N) - 1) * 2 + 1)
| 		 < (int8_t) (((((int8_t) 1 << N) << N) - 1) * 2 + 2))];
| test_array [0] = 0;
| return test_array [0];
| 
|   ;
|   return 0;
| }
configure:16190: result: yes
configure:16201: checking for uint8_t
configure:16201: g++ -c -g -O2 -fno-exceptions -Wall -ffast-math -fno-common -D_REENTRANT -DSYM_VISIBILITY -fvisibility=hidden  conftest.cpp >&5
configure:16201: $? = 0
configure:16201: result: yes
configure:16215: checking for int16_t
configure:16215: g++ -c -g -O2 -fno-exceptions -Wall -ffast-math -fno-common -D_REENTRANT -DSYM_VISIBILITY -fvisibility=hidden  conftest.cpp >&5
configure:16215: $? = 0
configure:16215: g++ -c -g -O2 -fno-exceptions -Wall -ffast-math -fno-common -D_REENTRANT -DSYM_VISIBILITY -fvisibility=hidden  conftest.cpp >&5
conftest.cpp: In function 'int main()':
conftest.cpp:67:58: error: size of array 'test_array' is negative
    < (int16_t) (((((int16_t) 1 << N) << N) - 1) * 2 + 2))];
                                                          ^
configure:16215: $? = 1
configure: failed program was:
| /* confdefs.h */
| #define PACKAGE_NAME "libmodplug"
| #define PACKAGE_TARNAME "libmodplug"
| #define PACKAGE_VERSION "0.8.8.5"
| #define PACKAGE_STRING "libmodplug 0.8.8.5"
| #define PACKAGE_BUGREPORT ""
| #define PACKAGE_URL ""
| #define PACKAGE "libmodplug"
| #define VERSION "0.8.8.5"
| #define STDC_HEADERS 1
| #define HAVE_SYS_TYPES_H 1
| #define HAVE_SYS_STAT_H 1
| #define HAVE_STDLIB_H 1
| #define HAVE_STRING_H 1
| #define HAVE_MEMORY_H 1
| #define HAVE_STRINGS_H 1
| #define HAVE_INTTYPES_H 1
| #define HAVE_STDINT_H 1
| #define HAVE_UNISTD_H 1
| #define HAVE_DLFCN_H 1
| #define LT_OBJDIR ".libs/"
| #define STDC_HEADERS 1
| #define HAVE_INTTYPES_H 1
| #define HAVE_STDINT_H 1
| #define HAVE_MALLOC_H 1
| #define HAVE_SETENV 1
| #define HAVE_SINF 1
| /* end confdefs.h.  */
| #include <stdio.h>
| #ifdef HAVE_SYS_TYPES_H
| # include <sys/types.h>
| #endif
| #ifdef HAVE_SYS_STAT_H
| # include <sys/stat.h>
| #endif
| #ifdef STDC_HEADERS
| # include <stdlib.h>
| # include <stddef.h>
| #else
| # ifdef HAVE_STDLIB_H
| #  include <stdlib.h>
| # endif
| #endif
| #ifdef HAVE_STRING_H
| # if !defined STDC_HEADERS && defined HAVE_MEMORY_H
| #  include <memory.h>
| # endif
| # include <string.h>
| #endif
| #ifdef HAVE_STRINGS_H
| # include <strings.h>
| #endif
| #ifdef HAVE_INTTYPES_H
| # include <inttypes.h>
| #endif
| #ifdef HAVE_STDINT_H
| # include <stdint.h>
| #endif
| #ifdef HAVE_UNISTD_H
| # include <unistd.h>
| #endif
| 	        enum { N = 16 / 2 - 1 };
| int
| main ()
| {
| static int test_array [1 - 2 * !((int16_t) (((((int16_t) 1 << N) << N) - 1) * 2 + 1)
| 		 < (int16_t) (((((int16_t) 1 << N) << N) - 1) * 2 + 2))];
| test_array [0] = 0;
| return test_array [0];
| 
|   ;
|   return 0;
| }
configure:16215: result: yes
configure:16226: checking for uint16_t
configure:16226: g++ -c -g -O2 -fno-exceptions -Wall -ffast-math -fno-common -D_REENTRANT -DSYM_VISIBILITY -fvisibility=hidden  conftest.cpp >&5
configure:16226: $? = 0
configure:16226: result: yes
configure:16238: checking for int32_t
configure:16238: g++ -c -g -O2 -fno-exceptions -Wall -ffast-math -fno-common -D_REENTRANT -DSYM_VISIBILITY -fvisibility=hidden  conftest.cpp >&5
configure:16238: $? = 0
configure:16238: g++ -c -g -O2 -fno-exceptions -Wall -ffast-math -fno-common -D_REENTRANT -DSYM_VISIBILITY -fvisibility=hidden  conftest.cpp >&5
conftest.cpp: In function 'int main()':
conftest.cpp:67:55: warning: integer overflow in expression [-Woverflow]
    < (int32_t) (((((int32_t) 1 << N) << N) - 1) * 2 + 2))];
                                                       ^
conftest.cpp:67:58: error: size of array 'test_array' is negative
    < (int32_t) (((((int32_t) 1 << N) << N) - 1) * 2 + 2))];
                                                          ^
configure:16238: $? = 1
configure: failed program was:
| /* confdefs.h */
| #define PACKAGE_NAME "libmodplug"
| #define PACKAGE_TARNAME "libmodplug"
| #define PACKAGE_VERSION "0.8.8.5"
| #define PACKAGE_STRING "libmodplug 0.8.8.5"
| #define PACKAGE_BUGREPORT ""
| #define PACKAGE_URL ""
| #define PACKAGE "libmodplug"
| #define VERSION "0.8.8.5"
| #define STDC_HEADERS 1
| #define HAVE_SYS_TYPES_H 1
| #define HAVE_SYS_STAT_H 1
| #define HAVE_STDLIB_H 1
| #define HAVE_STRING_H 1
| #define HAVE_MEMORY_H 1
| #define HAVE_STRINGS_H 1
| #define HAVE_INTTYPES_H 1
| #define HAVE_STDINT_H 1
| #define HAVE_UNISTD_H 1
| #define HAVE_DLFCN_H 1
| #define LT_OBJDIR ".libs/"
| #define STDC_HEADERS 1
| #define HAVE_INTTYPES_H 1
| #define HAVE_STDINT_H 1
| #define HAVE_MALLOC_H 1
| #define HAVE_SETENV 1
| #define HAVE_SINF 1
| /* end confdefs.h.  */
| #include <stdio.h>
| #ifdef HAVE_SYS_TYPES_H
| # include <sys/types.h>
| #endif
| #ifdef HAVE_SYS_STAT_H
| # include <sys/stat.h>
| #endif
| #ifdef STDC_HEADERS
| # include <stdlib.h>
| # include <stddef.h>
| #else
| # ifdef HAVE_STDLIB_H
| #  include <stdlib.h>
| # endif
| #endif
| #ifdef HAVE_STRING_H
| # if !defined STDC_HEADERS && defined HAVE_MEMORY_H
| #  include <memory.h>
| # endif
| # include <string.h>
| #endif
| #ifdef HAVE_STRINGS_H
| # include <strings.h>
| #endif
| #ifdef HAVE_INTTYPES_H
| # include <inttypes.h>
| #endif
| #ifdef HAVE_STDINT_H
| # include <stdint.h>
| #endif
| #ifdef HAVE_UNISTD_H
| # include <unistd.h>
| #endif
| 	        enum { N = 32 / 2 - 1 };
| int
| main ()
| {
| static int test_array [1 - 2 * !((int32_t) (((((int32_t) 1 << N) << N) - 1) * 2 + 1)
| 		 < (int32_t) (((((int32_t) 1 << N) << N) - 1) * 2 + 2))];
| test_array [0] = 0;
| return test_array [0];
| 
|   ;
|   return 0;
| }
configure:16238: result: yes
configure:16249: checking for uint32_t
configure:16249: g++ -c -g -O2 -fno-exceptions -Wall -ffast-math -fno-common -D_REENTRANT -DSYM_VISIBILITY -fvisibility=hidden  conftest.cpp >&5
configure:16249: $? = 0
configure:16249: result: yes
configure:16263: checking for int64_t
configure:16263: g++ -c -g -O2 -fno-exceptions -Wall -ffast-math -fno-common -D_REENTRANT -DSYM_VISIBILITY -fvisibility=hidden  conftest.cpp >&5
configure:16263: $? = 0
configure:16263: g++ -c -g -O2 -fno-exceptions -Wall -ffast-math -fno-common -D_REENTRANT -DSYM_VISIBILITY -fvisibility=hidden  conftest.cpp >&5
conftest.cpp: In function 'int main()':
conftest.cpp:67:55: warning: integer overflow in expression [-Woverflow]
    < (int64_t) (((((int64_t) 1 << N) << N) - 1) * 2 + 2))];
                                                       ^
conftest.cpp:67:58: error: size of array 'test_array' is negative
    < (int64_t) (((((int64_t) 1 << N) << N) - 1) * 2 + 2))];
                                                          ^
configure:16263: $? = 1
configure: failed program was:
| /* confdefs.h */
| #define PACKAGE_NAME "libmodplug"
| #define PACKAGE_TARNAME "libmodplug"
| #define PACKAGE_VERSION "0.8.8.5"
| #define PACKAGE_STRING "libmodplug 0.8.8.5"
| #define PACKAGE_BUGREPORT ""
| #define PACKAGE_URL ""
| #define PACKAGE "libmodplug"
| #define VERSION "0.8.8.5"
| #define STDC_HEADERS 1
| #define HAVE_SYS_TYPES_H 1
| #define HAVE_SYS_STAT_H 1
| #define HAVE_STDLIB_H 1
| #define HAVE_STRING_H 1
| #define HAVE_MEMORY_H 1
| #define HAVE_STRINGS_H 1
| #define HAVE_INTTYPES_H 1
| #define HAVE_STDINT_H 1
| #define HAVE_UNISTD_H 1
| #define HAVE_DLFCN_H 1
| #define LT_OBJDIR ".libs/"
| #define STDC_HEADERS 1
| #define HAVE_INTTYPES_H 1
| #define HAVE_STDINT_H 1
| #define HAVE_MALLOC_H 1
| #define HAVE_SETENV 1
| #define HAVE_SINF 1
| /* end confdefs.h.  */
| #include <stdio.h>
| #ifdef HAVE_SYS_TYPES_H
| # include <sys/types.h>
| #endif
| #ifdef HAVE_SYS_STAT_H
| # include <sys/stat.h>
| #endif
| #ifdef STDC_HEADERS
| # include <stdlib.h>
| # include <stddef.h>
| #else
| # ifdef HAVE_STDLIB_H
| #  include <stdlib.h>
| # endif
| #endif
| #ifdef HAVE_STRING_H
| # if !defined STDC_HEADERS && defined HAVE_MEMORY_H
| #  include <memory.h>
| # endif
| # include <string.h>
| #endif
| #ifdef HAVE_STRINGS_H
| # include <strings.h>
| #endif
| #ifdef HAVE_INTTYPES_H
| # include <inttypes.h>
| #endif
| #ifdef HAVE_STDINT_H
| # include <stdint.h>
| #endif
| #ifdef HAVE_UNISTD_H
| # include <unistd.h>
| #endif
| 	        enum { N = 64 / 2 - 1 };
| int
| main ()
| {
| static int test_array [1 - 2 * !((int64_t) (((((int64_t) 1 << N) << N) - 1) * 2 + 1)
| 		 < (int64_t) (((((int64_t) 1 << N) << N) - 1) * 2 + 2))];
| test_array [0] = 0;
| return test_array [0];
| 
|   ;
|   return 0;
| }
configure:16263: result: yes
configure:16274: checking for uint64_t
configure:16274: g++ -c -g -O2 -fno-exceptions -Wall -ffast-math -fno-common -D_REENTRANT -DSYM_VISIBILITY -fvisibility=hidden  conftest.cpp >&5
configure:16274: $? = 0
configure:16274: result: yes
configure:16404: checking that generated files are newer than configure
configure:16410: result: done
configure:16442: creating ./config.status

## ---------------------- ##
## Running config.status. ##
## ---------------------- ##

This file was extended by libmodplug config.status 0.8.8.5, which was
generated by GNU Autoconf 2.69.  Invocation command line was

  CONFIG_FILES    = 
  CONFIG_HEADERS  = 
  CONFIG_LINKS    = 
  CONFIG_COMMANDS = 
  $ ./config.status 

on ubuntu

config.status:1157: creating Makefile
config.status:1157: creating src/Makefile
config.status:1157: creating libmodplug.pc
config.status:1157: creating src/config.h
config.status:1386: executing depfiles commands
config.status:1386: executing libtool commands

## ---------------- ##
## Cache variables. ##
## ---------------- ##

ac_cv_build=x86_64-unknown-linux-gnu
ac_cv_c_bigendian=no
ac_cv_c_compiler_gnu=yes
ac_cv_c_int16_t=yes
ac_cv_c_int32_t=yes
ac_cv_c_int64_t=yes
ac_cv_c_int8_t=yes
ac_cv_c_uint16_t=yes
ac_cv_c_uint32_t=yes
ac_cv_c_uint64_t=yes
ac_cv_c_uint8_t=yes
ac_cv_cxx_compiler_gnu=yes
ac_cv_env_CCC_set=
ac_cv_env_CCC_value=
ac_cv_env_CC_set=
ac_cv_env_CC_value=
ac_cv_env_CFLAGS_set=
ac_cv_env_CFLAGS_value=
ac_cv_env_CPPFLAGS_set=
ac_cv_env_CPPFLAGS_value=
ac_cv_env_CXXCPP_set=
ac_cv_env_CXXCPP_value=
ac_cv_env_CXXFLAGS_set=
ac_cv_env_CXXFLAGS_value=
ac_cv_env_CXX_set=
ac_cv_env_CXX_value=
ac_cv_env_LDFLAGS_set=
ac_cv_env_LDFLAGS_value=
ac_cv_env_LIBS_set=
ac_cv_env_LIBS_value=
ac_cv_env_build_alias_set=
ac_cv_env_build_alias_value=
ac_cv_env_host_alias_set=
ac_cv_env_host_alias_value=
ac_cv_env_target_alias_set=
ac_cv_env_target_alias_value=
ac_cv_func_setenv=yes
ac_cv_func_sinf=yes
ac_cv_header_dlfcn_h=yes
ac_cv_header_inttypes_h=yes
ac_cv_header_malloc_h=yes
ac_cv_header_memory_h=yes
ac_cv_header_stdc=yes
ac_cv_header_stdint_h=yes
ac_cv_header_stdlib_h=yes
ac_cv_header_string_h=yes
ac_cv_header_strings_h=yes
ac_cv_header_sys_stat_h=yes
ac_cv_header_sys_types_h=yes
ac_cv_header_unistd_h=yes
ac_cv_host=x86_64-unknown-linux-gnu
ac_cv_objext=o
ac_cv_path_EGREP='/bin/grep -E'
ac_cv_path_FGREP='/bin/grep -F'
ac_cv_path_GREP=/bin/grep
ac_cv_path_SED=/bin/sed
ac_cv_path_install='/usr/bin/install -c'
ac_cv_path_mkdir=/bin/mkdir
ac_cv_prog_AWK=mawk
ac_cv_prog_CXXCPP='g++ -E'
ac_cv_prog_ac_ct_AR=ar
ac_cv_prog_ac_ct_CC=gcc
ac_cv_prog_ac_ct_CXX=g++
ac_cv_prog_ac_ct_MANIFEST_TOOL=mt
ac_cv_prog_ac_ct_OBJDUMP=objdump
ac_cv_prog_ac_ct_RANLIB=ranlib
ac_cv_prog_ac_ct_STRIP=strip
ac_cv_prog_cc_c89=
ac_cv_prog_cc_g=yes
ac_cv_prog_cxx_g=yes
ac_cv_prog_make_make_set=yes
am_cv_CC_dependencies_compiler_type=gcc3
am_cv_CXX_dependencies_compiler_type=gcc3
am_cv_make_support_nested_variables=yes
am_cv_prog_cc_c_o=yes
libmodplug_cv_gcc_visibility=yes
lt_cv_ar_at_file=@
lt_cv_archive_cmds_need_lc=no
lt_cv_deplibs_check_method=pass_all
lt_cv_file_magic_cmd='$MAGIC_CMD'
lt_cv_file_magic_test_file=
lt_cv_ld_reload_flag=-r
lt_cv_nm_interface='BSD nm'
lt_cv_objdir=.libs
lt_cv_path_LD=/usr/bin/ld
lt_cv_path_LDCXX='/usr/bin/ld -m elf_x86_64'
lt_cv_path_NM='/usr/bin/nm -B'
lt_cv_path_mainfest_tool=no
lt_cv_prog_compiler_c_o=yes
lt_cv_prog_compiler_c_o_CXX=yes
lt_cv_prog_compiler_pic='-fPIC -DPIC'
lt_cv_prog_compiler_pic_CXX='-fPIC -DPIC'
lt_cv_prog_compiler_pic_works=yes
lt_cv_prog_compiler_pic_works_CXX=yes
lt_cv_prog_compiler_rtti_exceptions=no
lt_cv_prog_compiler_static_works=yes
lt_cv_prog_compiler_static_works_CXX=yes
lt_cv_prog_gnu_ld=yes
lt_cv_prog_gnu_ldcxx=yes
lt_cv_sharedlib_from_linklib_cmd='printf %s\n'
lt_cv_shlibpath_overrides_runpath=no
lt_cv_sys_global_symbol_pipe='sed -n -e '\''s/^.*[	 ]\([ABCDGIRSTW][ABCDGIRSTW]*\)[	 ][	 ]*\([_A-Za-z][_A-Za-z0-9]*\)$/\1 \2 \2/p'\'' | sed '\''/ __gnu_lto/d'\'''
lt_cv_sys_global_symbol_to_c_name_address='sed -n -e '\''s/^: \([^ ]*\)[ ]*$/  {\"\1\", (void *) 0},/p'\'' -e '\''s/^[ABCDGIRSTW]* \([^ ]*\) \([^ ]*\)$/  {"\2", (void *) \&\2},/p'\'''
lt_cv_sys_global_symbol_to_c_name_address_lib_prefix='sed -n -e '\''s/^: \([^ ]*\)[ ]*$/  {\"\1\", (void *) 0},/p'\'' -e '\''s/^[ABCDGIRSTW]* \([^ ]*\) \(lib[^ ]*\)$/  {"\2", (void *) \&\2},/p'\'' -e '\''s/^[ABCDGIRSTW]* \([^ ]*\) \([^ ]*\)$/  {"lib\2", (void *) \&\2},/p'\'''
lt_cv_sys_global_symbol_to_cdecl='sed -n -e '\''s/^T .* \(.*\)$/extern int \1();/p'\'' -e '\''s/^[ABCDGIRSTW]* .* \(.*\)$/extern char \1;/p'\'''
lt_cv_sys_max_cmd_len=1572864
lt_cv_to_host_file_cmd=func_convert_file_noop
lt_cv_to_tool_file_cmd=func_convert_file_noop

## ----------------- ##
## Output variables. ##
## ----------------- ##

ACLOCAL='${SHELL} /home/blue/workspace/media_player/jni/libmodplug/missing aclocal-1.14'
AMDEPBACKSLASH='\'
AMDEP_FALSE='#'
AMDEP_TRUE=''
AMTAR='$${TAR-tar}'
AM_BACKSLASH='\'
AM_DEFAULT_V='$(AM_DEFAULT_VERBOSITY)'
AM_DEFAULT_VERBOSITY='1'
AM_V='$(V)'
AR='ar'
AS='as'
AUTOCONF='${SHELL} /home/blue/workspace/media_player/jni/libmodplug/missing autoconf'
AUTOHEADER='${SHELL} /home/blue/workspace/media_player/jni/libmodplug/missing autoheader'
AUTOMAKE='${SHELL} /home/blue/workspace/media_player/jni/libmodplug/missing automake-1.14'
AWK='mawk'
CC='gcc'
CCDEPMODE='depmode=gcc3'
CFLAGS='-g -O2'
CPPFLAGS=''
CXX='g++'
CXXCPP='g++ -E'
CXXDEPMODE='depmode=gcc3'
CXXFLAGS='-g -O2 -fno-exceptions -Wall -ffast-math -fno-common -D_REENTRANT -DSYM_VISIBILITY -fvisibility=hidden'
CYGPATH_W='echo'
DEFS='-DHAVE_CONFIG_H'
DEPDIR='.deps'
DLLTOOL='false'
DSYMUTIL=''
DUMPBIN=''
ECHO_C=''
ECHO_N='-n'
ECHO_T=''
EGREP='/bin/grep -E'
EXEEXT=''
FGREP='/bin/grep -F'
GREP='/bin/grep'
INSTALL_DATA='${INSTALL} -m 644'
INSTALL_PROGRAM='${INSTALL}'
INSTALL_SCRIPT='${INSTALL}'
INSTALL_STRIP_PROGRAM='$(install_sh) -c -s'
LD='/usr/bin/ld -m elf_x86_64'
LDFLAGS=''
LIBOBJS=''
LIBS=''
LIBTOOL='$(SHELL) $(top_builddir)/libtool'
LIPO=''
LN_S='ln -s'
LTLIBOBJS=''
LT_LDFLAGS=''
MAINT=''
MAINTAINER_MODE_FALSE='#'
MAINTAINER_MODE_TRUE=''
MAKEINFO='${SHELL} /home/blue/workspace/media_player/jni/libmodplug/missing makeinfo'
MANIFEST_TOOL=':'
MKDIR_P='/bin/mkdir -p'
MODPLUG_LIBRARY_VERSION='1:0:0'
NM='/usr/bin/nm -B'
NMEDIT=''
OBJDUMP='objdump'
OBJEXT='o'
OTOOL64=''
OTOOL=''
PACKAGE='libmodplug'
PACKAGE_BUGREPORT=''
PACKAGE_NAME='libmodplug'
PACKAGE_STRING='libmodplug 0.8.8.5'
PACKAGE_TARNAME='libmodplug'
PACKAGE_URL=''
PACKAGE_VERSION='0.8.8.5'
PATH_SEPARATOR=':'
RANLIB='ranlib'
SED='/bin/sed'
SET_MAKE=''
SHELL='/bin/bash'
STRIP='strip'
VERSION='0.8.8.5'
ac_ct_AR='ar'
ac_ct_CC='gcc'
ac_ct_CXX='g++'
ac_ct_DUMPBIN=''
am__EXEEXT_FALSE=''
am__EXEEXT_TRUE='#'
am__fastdepCC_FALSE='#'
am__fastdepCC_TRUE=''
am__fastdepCXX_FALSE='#'
am__fastdepCXX_TRUE=''
am__include='include'
am__isrc=''
am__leading_dot='.'
am__nodep='_no'
am__quote=''
am__tar='$${TAR-tar} chof - "$$tardir"'
am__untar='$${TAR-tar} xf -'
bindir='${exec_prefix}/bin'
build='x86_64-unknown-linux-gnu'
build_alias=''
build_cpu='x86_64'
build_os='linux-gnu'
build_vendor='unknown'
datadir='${datarootdir}'
datarootdir='${prefix}/share'
docdir='${datarootdir}/doc/${PACKAGE_TARNAME}'
dvidir='${docdir}'
exec_prefix='${prefix}'
host='x86_64-unknown-linux-gnu'
host_alias=''
host_cpu='x86_64'
host_os='linux-gnu'
host_vendor='unknown'
htmldir='${docdir}'
includedir='${prefix}/include'
infodir='${datarootdir}/info'
install_sh='${SHELL} /home/blue/workspace/media_player/jni/libmodplug/install-sh'
libdir='${exec_prefix}/lib'
libexecdir='${exec_prefix}/libexec'
localedir='${datarootdir}/locale'
localstatedir='${prefix}/var'
mandir='${datarootdir}/man'
mkdir_p='$(MKDIR_P)'
oldincludedir='/usr/include'
pdfdir='${docdir}'
prefix='/usr/local'
program_transform_name='s,x,x,'
psdir='${docdir}'
sbindir='${exec_prefix}/sbin'
sharedstatedir='${prefix}/com'
sysconfdir='${prefix}/etc'
target_alias=''

## ----------- ##
## confdefs.h. ##
## ----------- ##

/* confdefs.h */
#define PACKAGE_NAME "libmodplug"
#define PACKAGE_TARNAME "libmodplug"
#define PACKAGE_VERSION "0.8.8.5"
#define PACKAGE_STRING "libmodplug 0.8.8.5"
#define PACKAGE_BUGREPORT ""
#define PACKAGE_URL ""
#define PACKAGE "libmodplug"
#define VERSION "0.8.8.5"
#define STDC_HEADERS 1
#define HAVE_SYS_TYPES_H 1
#define HAVE_SYS_STAT_H 1
#define HAVE_STDLIB_H 1
#define HAVE_STRING_H 1
#define HAVE_MEMORY_H 1
#define HAVE_STRINGS_H 1
#define HAVE_INTTYPES_H 1
#define HAVE_STDINT_H 1
#define HAVE_UNISTD_H 1
#define HAVE_DLFCN_H 1
#define LT_OBJDIR ".libs/"
#define STDC_HEADERS 1
#define HAVE_INTTYPES_H 1
#define HAVE_STDINT_H 1
#define HAVE_MALLOC_H 1
#define HAVE_SETENV 1
#define HAVE_SINF 1

configure: exit 0
